Using pre-set license
Built from '2021.3/release' branch; Version is '2021.3.12f1 (8af3c3e441b1) revision 9106371'; Using compiler version '192829333'; Build Type 'Release'
OS: 'Windows 10  (10.0.19045) 64bit Professional' Language: 'ja' Physical Memory: 32699 MB
BatchMode: 1, IsHumanControllingUs: 0, StartBugReporterOnCrash: 0, Is64bit: 1, IsPro: 1

COMMAND LINE ARGUMENTS:
E:\Unity\2021.3.12f1\Editor\Unity.exe
-adb2
-batchMode
-noUpm
-name
AssetImportWorker11
-projectPath
D:/GitHub/2d-shooting-game-master
-logFile
Logs/AssetImportWorker11.log
-srvPort
58676
Successfully changed project path to: D:/GitHub/2d-shooting-game-master
D:/GitHub/2d-shooting-game-master
[UnityMemory] Configuration Parameters - Can be set up in boot.config
    "memorysetup-bucket-allocator-granularity=16"
    "memorysetup-bucket-allocator-bucket-count=8"
    "memorysetup-bucket-allocator-block-size=33554432"
    "memorysetup-bucket-allocator-block-count=8"
    "memorysetup-main-allocator-block-size=16777216"
    "memorysetup-thread-allocator-block-size=16777216"
    "memorysetup-gfx-main-allocator-block-size=16777216"
    "memorysetup-gfx-thread-allocator-block-size=16777216"
    "memorysetup-cache-allocator-block-size=4194304"
    "memorysetup-typetree-allocator-block-size=2097152"
    "memorysetup-profiler-bucket-allocator-granularity=16"
    "memorysetup-profiler-bucket-allocator-bucket-count=8"
    "memorysetup-profiler-bucket-allocator-block-size=33554432"
    "memorysetup-profiler-bucket-allocator-block-count=8"
    "memorysetup-profiler-allocator-block-size=16777216"
    "memorysetup-profiler-editor-allocator-block-size=1048576"
    "memorysetup-temp-allocator-size-main=16777216"
    "memorysetup-job-temp-allocator-block-size=2097152"
    "memorysetup-job-temp-allocator-block-size-background=1048576"
    "memorysetup-job-temp-allocator-reduction-small-platforms=262144"
    "memorysetup-temp-allocator-size-background-worker=32768"
    "memorysetup-temp-allocator-size-job-worker=262144"
    "memorysetup-temp-allocator-size-preload-manager=33554432"
    "memorysetup-temp-allocator-size-nav-mesh-worker=65536"
    "memorysetup-temp-allocator-size-audio-worker=65536"
    "memorysetup-temp-allocator-size-cloud-worker=32768"
    "memorysetup-temp-allocator-size-gi-baking-worker=262144"
    "memorysetup-temp-allocator-size-gfx=262144"
Refreshing native plugins compatible for Editor in 46.75 ms, found 2 plugins.
Preloading 0 native plugins for Editor in 0.00 ms.
Initialize engine version: 2021.3.12f1 (8af3c3e441b1)
[Subsystems] Discovering subsystems at path E:/Unity/2021.3.12f1/Editor/Data/Resources/UnitySubsystems
[Subsystems] Discovering subsystems at path D:/GitHub/2d-shooting-game-master/Assets
GfxDevice: creating device client; threaded=0; jobified=0
Direct3D:
    Version:  Direct3D 11.0 [level 11.1]
    Renderer: NVIDIA GeForce RTX 2060 (ID=0x1f08)
    Vendor:   NVIDIA
    VRAM:     5968 MB
    Driver:   31.0.15.3640
Initialize mono
Mono path[0] = 'E:/Unity/2021.3.12f1/Editor/Data/Managed'
Mono path[1] = 'E:/Unity/2021.3.12f1/Editor/Data/MonoBleedingEdge/lib/mono/unityjit-win32'
Mono config path = 'E:/Unity/2021.3.12f1/Editor/Data/MonoBleedingEdge/etc'
Using monoOptions --debugger-agent=transport=dt_socket,embedding=1,server=y,suspend=n,address=127.0.0.1:56444
Begin MonoManager ReloadAssembly
Registering precompiled unity dll's ...
Register platform support module: E:/Unity/2021.3.12f1/Editor/Data/PlaybackEngines/WebGLSupport/UnityEditor.WebGL.Extensions.dll
Register platform support module: E:/Unity/2021.3.12f1/Editor/Data/PlaybackEngines/AndroidPlayer/UnityEditor.Android.Extensions.dll
Register platform support module: E:/Unity/2021.3.12f1/Editor/Data/PlaybackEngines/iOSSupport/UnityEditor.iOS.Extensions.dll
Register platform support module: E:/Unity/2021.3.12f1/Editor/Data/PlaybackEngines/WindowsStandaloneSupport/UnityEditor.WindowsStandalone.Extensions.dll
Registered in 0.004001 seconds.
Native extension for WindowsStandalone target not found
[usbmuxd] Start listen thread
[usbmuxd] Listen thread started
[usbmuxd] Send listen message
Native extension for iOS target not found
Native extension for Android target not found
Native extension for WebGL target not found
Refreshing native plugins compatible for Editor in 35.54 ms, found 2 plugins.
Preloading 0 native plugins for Editor in 0.00 ms.
Mono: successfully reloaded assembly
- Completed reload, in  0.583 seconds
Domain Reload Profiling:
	ReloadAssembly (584ms)
		BeginReloadAssembly (59ms)
			ExecutionOrderSort (0ms)
			DisableScriptedObjects (0ms)
			BackupInstance (0ms)
			ReleaseScriptingObjects (0ms)
			CreateAndSetChildDomain (1ms)
		EndReloadAssembly (423ms)
			LoadAssemblies (59ms)
			RebuildTransferFunctionScriptingTraits (0ms)
			SetupTypeCache (94ms)
			ReleaseScriptCaches (0ms)
			RebuildScriptCaches (26ms)
			SetupLoadedEditorAssemblies (261ms)
				LogAssemblyErrors (0ms)
				InitializePlatformSupportModulesInManaged (55ms)
				SetLoadedEditorAssemblies (0ms)
				RefreshPlugins (36ms)
				BeforeProcessingInitializeOnLoad (1ms)
				ProcessInitializeOnLoadAttributes (105ms)
				ProcessInitializeOnLoadMethodAttributes (63ms)
				AfterProcessingInitializeOnLoad (0ms)
				EditorAssembliesLoaded (0ms)
			ExecutionOrderSort2 (0ms)
			AwakeInstancesAfterBackupRestoration (0ms)
Platform modules already initialized, skipping
Registering precompiled user dll's ...
Registered in 0.004199 seconds.
Begin MonoManager ReloadAssembly
Native extension for WindowsStandalone target not found
Native extension for iOS target not found
Native extension for Android target not found
Native extension for WebGL target not found
Refreshing native plugins compatible for Editor in 34.14 ms, found 2 plugins.
Preloading 0 native plugins for Editor in 0.00 ms.
Mono: successfully reloaded assembly
- Completed reload, in  1.047 seconds
Domain Reload Profiling:
	ReloadAssembly (1048ms)
		BeginReloadAssembly (207ms)
			ExecutionOrderSort (0ms)
			DisableScriptedObjects (5ms)
			BackupInstance (0ms)
			ReleaseScriptingObjects (0ms)
			CreateAndSetChildDomain (132ms)
		EndReloadAssembly (743ms)
			LoadAssemblies (66ms)
			RebuildTransferFunctionScriptingTraits (0ms)
			SetupTypeCache (237ms)
			ReleaseScriptCaches (1ms)
			RebuildScriptCaches (44ms)
			SetupLoadedEditorAssemblies (350ms)
				LogAssemblyErrors (0ms)
				InitializePlatformSupportModulesInManaged (19ms)
				SetLoadedEditorAssemblies (0ms)
				RefreshPlugins (34ms)
				BeforeProcessingInitializeOnLoad (45ms)
				ProcessInitializeOnLoadAttributes (225ms)
				ProcessInitializeOnLoadMethodAttributes (23ms)
				AfterProcessingInitializeOnLoad (2ms)
				EditorAssembliesLoaded (0ms)
			ExecutionOrderSort2 (0ms)
			AwakeInstancesAfterBackupRestoration (6ms)
Platform modules already initialized, skipping
========================================================================
Worker process is ready to serve import requests
Launched and connected shader compiler UnityShaderCompiler.exe after 0.05 seconds
Refreshing native plugins compatible for Editor in 0.76 ms, found 2 plugins.
Preloading 0 native plugins for Editor in 0.00 ms.
Unloading 2141 Unused Serialized files (Serialized files now loaded: 0)
Unloading 22 unused Assets / (56.2 KB). Loaded Objects now: 2608.
Memory consumption went from 95.5 MB to 95.4 MB.
Total: 2.862000 ms (FindLiveObjects: 0.194500 ms CreateObjectMapping: 0.057300 ms MarkObjects: 2.526000 ms  DeleteObjects: 0.082900 ms)

AssetImportParameters requested are different than current active one (requested -> active):
  custom:video-decoder-ogg-theora: a1e56fd34408186e4bbccfd4996cb3dc -> 
  custom:container-muxer-webm: aa71ff27fc2769a1b78a27578f13a17b -> 
  custom:container-demuxer-webm: 4f35f7cbe854078d1ac9338744f61a02 -> 
  custom:video-encoder-webm-vp8: eb34c28f22e8b96e1ab97ce403110664 -> 
  custom:audio-encoder-webm-vorbis: bf7c407c2cedff20999df2af8eb42d56 -> 
  custom:framework-win-MediaFoundation: 216162199b28c13a410421893ffa2e32 -> 
  custom:container-demuxer-ogg: 62fdf1f143b41e24485cea50d1cbac27 -> 
  custom:video-decoder-webm-vp8: 9c59270c3fd7afecdb556c50c9e8de78 -> 
  custom:audio-decoder-ogg-vorbis: bf7c407c2cedff20999df2af8eb42d56 -> 
========================================================================
Received Import Request.
  Time since last request: 584373.848011 seconds.
  path: Assets/Resources/Character/Shizuku/README.txt
  artifactKey: Guid(7bd6aefac1777d8429d323f626a5fd78) Importer(815301076,1909f56bfc062723c751e8b465ee728b)
Start importing Assets/Resources/Character/Shizuku/README.txt using Guid(7bd6aefac1777d8429d323f626a5fd78) Importer(815301076,1909f56bfc062723c751e8b465ee728b)  -> (artifact id: 'cb9e4be353661beea889ec75fde7a3fd') in 0.082168 seconds 
========================================================================
Received Import Request.
  Time since last request: 35.881213 seconds.
  path: Assets/Resources/Character/Shizuku/a.png
  artifactKey: Guid(0fa3ffa38a0fba440a8bcf98c158f3a8) Importer(815301076,1909f56bfc062723c751e8b465ee728b)
Start importing Assets/Resources/Character/Shizuku/a.png using Guid(0fa3ffa38a0fba440a8bcf98c158f3a8) Importer(815301076,1909f56bfc062723c751e8b465ee728b)  -> (artifact id: 'd91f339d58aa705ccc533efcca890289') in 0.162806 seconds 
========================================================================
Received Import Request.
  Time since last request: 0.000031 seconds.
  path: Assets/Resources/Character/Shizuku/f.png
  artifactKey: Guid(730e811c7c266ec4a812cef4c60025da) Importer(815301076,1909f56bfc062723c751e8b465ee728b)
Start importing Assets/Resources/Character/Shizuku/f.png using Guid(730e811c7c266ec4a812cef4c60025da) Importer(815301076,1909f56bfc062723c751e8b465ee728b)  -> (artifact id: 'cfa353f45f1b45317199f9e6ef4b9281') in 0.033607 seconds 
========================================================================
Received Import Request.
  Time since last request: 0.000030 seconds.
  path: Assets/Resources/Character/Shizuku/h.png
  artifactKey: Guid(8536b9d42a625f240a2f6c14dce991ff) Importer(815301076,1909f56bfc062723c751e8b465ee728b)
Start importing Assets/Resources/Character/Shizuku/h.png using Guid(8536b9d42a625f240a2f6c14dce991ff) Importer(815301076,1909f56bfc062723c751e8b465ee728b)  -> (artifact id: '7f83c39169e3974df9c5c802f35b8446') in 0.036113 seconds 
========================================================================
Received Import Request.
  Time since last request: 0.000022 seconds.
  path: Assets/Resources/Character/Shizuku/d.png
  artifactKey: Guid(2f96128e9d67594499f055407864d9bf) Importer(815301076,1909f56bfc062723c751e8b465ee728b)
Start importing Assets/Resources/Character/Shizuku/d.png using Guid(2f96128e9d67594499f055407864d9bf) Importer(815301076,1909f56bfc062723c751e8b465ee728b)  -> (artifact id: '65a7bb8cfa82d3fcd07b8093e5e88510') in 0.030076 seconds 
========================================================================
Received Import Request.
  Time since last request: 17.861841 seconds.
  path: Assets/Resources/Character/Mika/a.png
  artifactKey: Guid(198b24576560d594aae4eac45b260ad8) Importer(815301076,1909f56bfc062723c751e8b465ee728b)
Start importing Assets/Resources/Character/Mika/a.png using Guid(198b24576560d594aae4eac45b260ad8) Importer(815301076,1909f56bfc062723c751e8b465ee728b)  -> (artifact id: 'c6c1eff88a9a41fe590a44cc243e66c3') in 0.043347 seconds 
========================================================================
Received Import Request.
  Time since last request: 0.000018 seconds.
  path: Assets/Resources/Character/Mika/d.png
  artifactKey: Guid(d90d761139fd53848bb98c2a2c043ea4) Importer(815301076,1909f56bfc062723c751e8b465ee728b)
Start importing Assets/Resources/Character/Mika/d.png using Guid(d90d761139fd53848bb98c2a2c043ea4) Importer(815301076,1909f56bfc062723c751e8b465ee728b)  -> (artifact id: '5c3d7ef7cac8aee463f520ffd23f3c5e') in 0.045075 seconds 
========================================================================
Received Import Request.
  Time since last request: 0.000017 seconds.
  path: Assets/Resources/Character/Mika/inactive.png
  artifactKey: Guid(98932709a7a8bef40a27235b7b0ee49d) Importer(815301076,1909f56bfc062723c751e8b465ee728b)
Start importing Assets/Resources/Character/Mika/inactive.png using Guid(98932709a7a8bef40a27235b7b0ee49d) Importer(815301076,1909f56bfc062723c751e8b465ee728b)  -> (artifact id: '60cdcd6a54129945c255055434327427') in 0.035012 seconds 
========================================================================
Received Import Request.
  Time since last request: 0.000034 seconds.
  path: Assets/Resources/Character/Mika/h.png
  artifactKey: Guid(fe976d0781b129442a485f4602b6ef53) Importer(815301076,1909f56bfc062723c751e8b465ee728b)
Start importing Assets/Resources/Character/Mika/h.png using Guid(fe976d0781b129442a485f4602b6ef53) Importer(815301076,1909f56bfc062723c751e8b465ee728b)  -> (artifact id: 'b716d782bd3757600f9643cdc83de146') in 0.032171 seconds 
========================================================================
Received Prepare
Registering precompiled user dll's ...
Registered in 0.004142 seconds.
Begin MonoManager ReloadAssembly
Native extension for WindowsStandalone target not found
Native extension for iOS target not found
Native extension for Android target not found
Native extension for WebGL target not found
Refreshing native plugins compatible for Editor in 0.72 ms, found 2 plugins.
Preloading 0 native plugins for Editor in 0.00 ms.
Mono: successfully reloaded assembly
- Completed reload, in  1.007 seconds
Domain Reload Profiling:
	ReloadAssembly (1008ms)
		BeginReloadAssembly (187ms)
			ExecutionOrderSort (0ms)
			DisableScriptedObjects (10ms)
			BackupInstance (0ms)
			ReleaseScriptingObjects (0ms)
			CreateAndSetChildDomain (70ms)
		EndReloadAssembly (732ms)
			LoadAssemblies (85ms)
			RebuildTransferFunctionScriptingTraits (0ms)
			SetupTypeCache (187ms)
			ReleaseScriptCaches (1ms)
			RebuildScriptCaches (39ms)
			SetupLoadedEditorAssemblies (380ms)
				LogAssemblyErrors (0ms)
				InitializePlatformSupportModulesInManaged (30ms)
				SetLoadedEditorAssemblies (1ms)
				RefreshPlugins (1ms)
				BeforeProcessingInitializeOnLoad (38ms)
				ProcessInitializeOnLoadAttributes (276ms)
				ProcessInitializeOnLoadMethodAttributes (31ms)
				AfterProcessingInitializeOnLoad (3ms)
				EditorAssembliesLoaded (0ms)
			ExecutionOrderSort2 (0ms)
			AwakeInstancesAfterBackupRestoration (9ms)
Platform modules already initialized, skipping
Refreshing native plugins compatible for Editor in 1.77 ms, found 2 plugins.
Preloading 0 native plugins for Editor in 0.00 ms.
Unloading 2121 Unused Serialized files (Serialized files now loaded: 0)
Unloading 13 unused Assets / (24.6 KB). Loaded Objects now: 2618.
Memory consumption went from 97.8 MB to 97.7 MB.
Total: 4.376600 ms (FindLiveObjects: 0.195800 ms CreateObjectMapping: 0.051400 ms MarkObjects: 4.091400 ms  DeleteObjects: 0.036600 ms)

AssetImportParameters requested are different than current active one (requested -> active):
  custom:video-decoder-ogg-theora: a1e56fd34408186e4bbccfd4996cb3dc -> 
  custom:container-muxer-webm: aa71ff27fc2769a1b78a27578f13a17b -> 
  custom:container-demuxer-webm: 4f35f7cbe854078d1ac9338744f61a02 -> 
  custom:video-encoder-webm-vp8: eb34c28f22e8b96e1ab97ce403110664 -> 
  custom:audio-encoder-webm-vorbis: bf7c407c2cedff20999df2af8eb42d56 -> 
  custom:framework-win-MediaFoundation: 216162199b28c13a410421893ffa2e32 -> 
  custom:container-demuxer-ogg: 62fdf1f143b41e24485cea50d1cbac27 -> 
  custom:video-decoder-webm-vp8: 9c59270c3fd7afecdb556c50c9e8de78 -> 
  custom:audio-decoder-ogg-vorbis: bf7c407c2cedff20999df2af8eb42d56 -> 
========================================================================
Received Import Request.
  Time since last request: 89.994741 seconds.
  path: Assets/Prefabs/ScenePrefabs/Talk_01_SetUp.prefab
  artifactKey: Guid(14b8fed2b17879a4292bc64be3788272) Importer(815301076,1909f56bfc062723c751e8b465ee728b)
Start importing Assets/Prefabs/ScenePrefabs/Talk_01_SetUp.prefab using Guid(14b8fed2b17879a4292bc64be3788272) Importer(815301076,1909f56bfc062723c751e8b465ee728b)  -> (artifact id: '9279f96a2b4d50347ad3ab849cabc0f9') in 0.041638 seconds 
========================================================================
Received Import Request.
  Time since last request: 2.734539 seconds.
  path: Assets/Prefabs/ScenePrefabs/Talk_01_SetUp.prefab
  artifactKey: Guid(14b8fed2b17879a4292bc64be3788272) Importer(815301076,1909f56bfc062723c751e8b465ee728b)
Start importing Assets/Prefabs/ScenePrefabs/Talk_01_SetUp.prefab using Guid(14b8fed2b17879a4292bc64be3788272) Importer(815301076,1909f56bfc062723c751e8b465ee728b)  -> (artifact id: '258ce279408ee1568d9abfb65f795b7d') in 0.003824 seconds 
========================================================================
Received Prepare
Registering precompiled user dll's ...
Registered in 0.002461 seconds.
Begin MonoManager ReloadAssembly
Native extension for WindowsStandalone target not found
Native extension for iOS target not found
Native extension for Android target not found
Native extension for WebGL target not found
Refreshing native plugins compatible for Editor in 0.46 ms, found 2 plugins.
Preloading 0 native plugins for Editor in 0.00 ms.
Mono: successfully reloaded assembly
- Completed reload, in  0.876 seconds
Domain Reload Profiling:
	ReloadAssembly (877ms)
		BeginReloadAssembly (116ms)
			ExecutionOrderSort (0ms)
			DisableScriptedObjects (5ms)
			BackupInstance (0ms)
			ReleaseScriptingObjects (0ms)
			CreateAndSetChildDomain (29ms)
		EndReloadAssembly (671ms)
			LoadAssemblies (76ms)
			RebuildTransferFunctionScriptingTraits (0ms)
			SetupTypeCache (180ms)
			ReleaseScriptCaches (1ms)
			RebuildScriptCaches (44ms)
			SetupLoadedEditorAssemblies (321ms)
				LogAssemblyErrors (0ms)
				InitializePlatformSupportModulesInManaged (27ms)
				SetLoadedEditorAssemblies (0ms)
				RefreshPlugins (1ms)
				BeforeProcessingInitializeOnLoad (36ms)
				ProcessInitializeOnLoadAttributes (218ms)
				ProcessInitializeOnLoadMethodAttributes (36ms)
				AfterProcessingInitializeOnLoad (3ms)
				EditorAssembliesLoaded (0ms)
			ExecutionOrderSort2 (0ms)
			AwakeInstancesAfterBackupRestoration (8ms)
Platform modules already initialized, skipping
Refreshing native plugins compatible for Editor in 1.27 ms, found 2 plugins.
Preloading 0 native plugins for Editor in 0.00 ms.
Unloading 2121 Unused Serialized files (Serialized files now loaded: 0)
Unloading 14 unused Assets / (25.4 KB). Loaded Objects now: 2621.
Memory consumption went from 97.8 MB to 97.8 MB.
Total: 2.798000 ms (FindLiveObjects: 0.192000 ms CreateObjectMapping: 0.050700 ms MarkObjects: 2.527100 ms  DeleteObjects: 0.027600 ms)

AssetImportParameters requested are different than current active one (requested -> active):
  custom:video-decoder-ogg-theora: a1e56fd34408186e4bbccfd4996cb3dc -> 
  custom:container-muxer-webm: aa71ff27fc2769a1b78a27578f13a17b -> 
  custom:container-demuxer-webm: 4f35f7cbe854078d1ac9338744f61a02 -> 
  custom:video-encoder-webm-vp8: eb34c28f22e8b96e1ab97ce403110664 -> 
  custom:audio-encoder-webm-vorbis: bf7c407c2cedff20999df2af8eb42d56 -> 
  custom:framework-win-MediaFoundation: 216162199b28c13a410421893ffa2e32 -> 
  custom:container-demuxer-ogg: 62fdf1f143b41e24485cea50d1cbac27 -> 
  custom:video-decoder-webm-vp8: 9c59270c3fd7afecdb556c50c9e8de78 -> 
  custom:audio-decoder-ogg-vorbis: bf7c407c2cedff20999df2af8eb42d56 -> 
========================================================================
Received Import Request.
  Time since last request: 64.644543 seconds.
  path: Assets/Prefabs/ScenePrefabs/Talk_02_BeforeBoss.prefab
  artifactKey: Guid(52e535d667e2b3e4e9dd5bbf5de02a62) Importer(815301076,1909f56bfc062723c751e8b465ee728b)
Start importing Assets/Prefabs/ScenePrefabs/Talk_02_BeforeBoss.prefab using Guid(52e535d667e2b3e4e9dd5bbf5de02a62) Importer(815301076,1909f56bfc062723c751e8b465ee728b)  -> (artifact id: '219122545261e69177f913b8c459c5a1') in 0.038410 seconds 
========================================================================
Received Import Request.
  Time since last request: 1.984135 seconds.
  path: Assets/Prefabs/ScenePrefabs/Talk_02_BeforeBoss.prefab
  artifactKey: Guid(52e535d667e2b3e4e9dd5bbf5de02a62) Importer(815301076,1909f56bfc062723c751e8b465ee728b)
Start importing Assets/Prefabs/ScenePrefabs/Talk_02_BeforeBoss.prefab using Guid(52e535d667e2b3e4e9dd5bbf5de02a62) Importer(815301076,1909f56bfc062723c751e8b465ee728b)  -> (artifact id: 'cbd3fc4f4bae96fc13c7a3a7a95bc9cb') in 0.003474 seconds 
========================================================================
Received Import Request.
  Time since last request: 8.309002 seconds.
  path: Assets/Prefabs/ScenePrefabs/Talk_02_SetUp.prefab
  artifactKey: Guid(503c91bac62c00b4e888ed0fd1335055) Importer(815301076,1909f56bfc062723c751e8b465ee728b)
Start importing Assets/Prefabs/ScenePrefabs/Talk_02_SetUp.prefab using Guid(503c91bac62c00b4e888ed0fd1335055) Importer(815301076,1909f56bfc062723c751e8b465ee728b)  -> (artifact id: 'a67cd13e9eefbb97c62526ed137d8596') in 0.009281 seconds 
========================================================================
Received Import Request.
  Time since last request: 2.811524 seconds.
  path: Assets/Prefabs/ScenePrefabs/Talk_02_SetUp.prefab
  artifactKey: Guid(503c91bac62c00b4e888ed0fd1335055) Importer(815301076,1909f56bfc062723c751e8b465ee728b)
Start importing Assets/Prefabs/ScenePrefabs/Talk_02_SetUp.prefab using Guid(503c91bac62c00b4e888ed0fd1335055) Importer(815301076,1909f56bfc062723c751e8b465ee728b)  -> (artifact id: 'd4b40d58507e19571027992272e29a3c') in 0.003527 seconds 
========================================================================
Received Import Request.
  Time since last request: 6.502642 seconds.
  path: Assets/Prefabs/ScenePrefabs/Talk_03_SetUp.prefab
  artifactKey: Guid(4e0e6f5b63c293e4f83fd0c45250c3cb) Importer(815301076,1909f56bfc062723c751e8b465ee728b)
Start importing Assets/Prefabs/ScenePrefabs/Talk_03_SetUp.prefab using Guid(4e0e6f5b63c293e4f83fd0c45250c3cb) Importer(815301076,1909f56bfc062723c751e8b465ee728b)  -> (artifact id: '583a9c3f95db3d479a9857e91dc23a87') in 0.008504 seconds 
========================================================================
Received Import Request.
  Time since last request: 2.199708 seconds.
  path: Assets/Prefabs/ScenePrefabs/Talk_03_SetUp.prefab
  artifactKey: Guid(4e0e6f5b63c293e4f83fd0c45250c3cb) Importer(815301076,1909f56bfc062723c751e8b465ee728b)
Start importing Assets/Prefabs/ScenePrefabs/Talk_03_SetUp.prefab using Guid(4e0e6f5b63c293e4f83fd0c45250c3cb) Importer(815301076,1909f56bfc062723c751e8b465ee728b)  -> (artifact id: 'c443bf5beb20988d0081b3cbc3d5d5e5') in 0.003907 seconds 
========================================================================
Received Import Request.
  Time since last request: 5.036389 seconds.
  path: Assets/Prefabs/ScenePrefabs/Talk_All_Clear.prefab
  artifactKey: Guid(1778379adef034a4897c159ef34445d6) Importer(815301076,1909f56bfc062723c751e8b465ee728b)
Start importing Assets/Prefabs/ScenePrefabs/Talk_All_Clear.prefab using Guid(1778379adef034a4897c159ef34445d6) Importer(815301076,1909f56bfc062723c751e8b465ee728b)  -> (artifact id: 'd65157b35b39585ffbba631d6936bbeb') in 0.008329 seconds 
========================================================================
Received Import Request.
  Time since last request: 3.091144 seconds.
  path: Assets/Prefabs/ScenePrefabs/Talk_All_Clear.prefab
  artifactKey: Guid(1778379adef034a4897c159ef34445d6) Importer(815301076,1909f56bfc062723c751e8b465ee728b)
Start importing Assets/Prefabs/ScenePrefabs/Talk_All_Clear.prefab using Guid(1778379adef034a4897c159ef34445d6) Importer(815301076,1909f56bfc062723c751e8b465ee728b)  -> (artifact id: '48f950b4273f1c5e011892f1362b9d5b') in 0.004218 seconds 
========================================================================
Received Import Request.
  Time since last request: 411.666665 seconds.
  path: Assets/Resources/Character/Mika/a.png
  artifactKey: Guid(198b24576560d594aae4eac45b260ad8) Importer(815301076,1909f56bfc062723c751e8b465ee728b)
Start importing Assets/Resources/Character/Mika/a.png using Guid(198b24576560d594aae4eac45b260ad8) Importer(815301076,1909f56bfc062723c751e8b465ee728b)  -> (artifact id: 'c86bdd0319c135ec6df2946a9b09f1fa') in 0.073712 seconds 
========================================================================
Received Import Request.
  Time since last request: 0.000019 seconds.
  path: Assets/Resources/Character/Mika/g.png
  artifactKey: Guid(9033a05936667d048b6d991bd8e64c52) Importer(815301076,1909f56bfc062723c751e8b465ee728b)
Start importing Assets/Resources/Character/Mika/g.png using Guid(9033a05936667d048b6d991bd8e64c52) Importer(815301076,1909f56bfc062723c751e8b465ee728b)  -> (artifact id: '80c65b3e62549a2f2c5cd54791be9eaf') in 0.030929 seconds 
========================================================================
Received Import Request.
  Time since last request: 0.000039 seconds.
  path: Assets/Resources/Character/Mika/f.png
  artifactKey: Guid(a2fb808e6419497428125a3e9bc752fc) Importer(815301076,1909f56bfc062723c751e8b465ee728b)
Start importing Assets/Resources/Character/Mika/f.png using Guid(a2fb808e6419497428125a3e9bc752fc) Importer(815301076,1909f56bfc062723c751e8b465ee728b)  -> (artifact id: '9855497e2e70f694c56d06fa38d148d5') in 0.029642 seconds 
========================================================================
Received Import Request.
  Time since last request: 0.000017 seconds.
  path: Assets/Resources/Character/Mika/inactive.png
  artifactKey: Guid(98932709a7a8bef40a27235b7b0ee49d) Importer(815301076,1909f56bfc062723c751e8b465ee728b)
Start importing Assets/Resources/Character/Mika/inactive.png using Guid(98932709a7a8bef40a27235b7b0ee49d) Importer(815301076,1909f56bfc062723c751e8b465ee728b)  -> (artifact id: '4cb5ef14c5dca2fef4091d1caceabf76') in 0.019166 seconds 
========================================================================
Received Import Request.
  Time since last request: 0.000016 seconds.
  path: Assets/Resources/Character/Mika/h.png
  artifactKey: Guid(fe976d0781b129442a485f4602b6ef53) Importer(815301076,1909f56bfc062723c751e8b465ee728b)
Start importing Assets/Resources/Character/Mika/h.png using Guid(fe976d0781b129442a485f4602b6ef53) Importer(815301076,1909f56bfc062723c751e8b465ee728b)  -> (artifact id: 'e909b9794f96ba9d8090bded16afcdb2') in 0.031901 seconds 
========================================================================
Received Prepare
Registering precompiled user dll's ...
Registered in 0.004396 seconds.
Begin MonoManager ReloadAssembly
Native extension for WindowsStandalone target not found
Native extension for iOS target not found
Native extension for Android target not found
Native extension for WebGL target not found
Refreshing native plugins compatible for Editor in 0.54 ms, found 2 plugins.
Preloading 0 native plugins for Editor in 0.00 ms.
Mono: successfully reloaded assembly
- Completed reload, in  1.032 seconds
Domain Reload Profiling:
	ReloadAssembly (1033ms)
		BeginReloadAssembly (117ms)
			ExecutionOrderSort (0ms)
			DisableScriptedObjects (4ms)
			BackupInstance (0ms)
			ReleaseScriptingObjects (0ms)
			CreateAndSetChildDomain (32ms)
		EndReloadAssembly (825ms)
			LoadAssemblies (73ms)
			RebuildTransferFunctionScriptingTraits (0ms)
			SetupTypeCache (222ms)
			ReleaseScriptCaches (1ms)
			RebuildScriptCaches (41ms)
			SetupLoadedEditorAssemblies (422ms)
				LogAssemblyErrors (0ms)
				InitializePlatformSupportModulesInManaged (35ms)
				SetLoadedEditorAssemblies (0ms)
				RefreshPlugins (1ms)
				BeforeProcessingInitializeOnLoad (41ms)
				ProcessInitializeOnLoadAttributes (303ms)
				ProcessInitializeOnLoadMethodAttributes (39ms)
				AfterProcessingInitializeOnLoad (3ms)
				EditorAssembliesLoaded (0ms)
			ExecutionOrderSort2 (0ms)
			AwakeInstancesAfterBackupRestoration (9ms)
Platform modules already initialized, skipping
Refreshing native plugins compatible for Editor in 1.38 ms, found 2 plugins.
Preloading 0 native plugins for Editor in 0.00 ms.
Unloading 2121 Unused Serialized files (Serialized files now loaded: 0)
Unloading 14 unused Assets / (25.4 KB). Loaded Objects now: 2624.
Memory consumption went from 97.8 MB to 97.8 MB.
Total: 2.979700 ms (FindLiveObjects: 0.187900 ms CreateObjectMapping: 0.052000 ms MarkObjects: 2.708700 ms  DeleteObjects: 0.030200 ms)

AssetImportParameters requested are different than current active one (requested -> active):
  custom:video-decoder-ogg-theora: a1e56fd34408186e4bbccfd4996cb3dc -> 
  custom:container-muxer-webm: aa71ff27fc2769a1b78a27578f13a17b -> 
  custom:container-demuxer-webm: 4f35f7cbe854078d1ac9338744f61a02 -> 
  custom:video-encoder-webm-vp8: eb34c28f22e8b96e1ab97ce403110664 -> 
  custom:audio-encoder-webm-vorbis: bf7c407c2cedff20999df2af8eb42d56 -> 
  custom:framework-win-MediaFoundation: 216162199b28c13a410421893ffa2e32 -> 
  custom:container-demuxer-ogg: 62fdf1f143b41e24485cea50d1cbac27 -> 
  custom:video-decoder-webm-vp8: 9c59270c3fd7afecdb556c50c9e8de78 -> 
  custom:audio-decoder-ogg-vorbis: bf7c407c2cedff20999df2af8eb42d56 -> 
========================================================================
Received Import Request.
  Time since last request: 60.035368 seconds.
  path: Assets/Prefabs/ScenePrefabs/Talk_01_SetUp.prefab
  artifactKey: Guid(14b8fed2b17879a4292bc64be3788272) Importer(815301076,1909f56bfc062723c751e8b465ee728b)
Start importing Assets/Prefabs/ScenePrefabs/Talk_01_SetUp.prefab using Guid(14b8fed2b17879a4292bc64be3788272) Importer(815301076,1909f56bfc062723c751e8b465ee728b)  -> (artifact id: '55da4980cdbe29ce170b552fb5e1a5db') in 0.028558 seconds 
========================================================================
Received Import Request.
  Time since last request: 3.958353 seconds.
  path: Assets/Prefabs/ScenePrefabs/Talk_01_SetUp.prefab
  artifactKey: Guid(14b8fed2b17879a4292bc64be3788272) Importer(815301076,1909f56bfc062723c751e8b465ee728b)
Start importing Assets/Prefabs/ScenePrefabs/Talk_01_SetUp.prefab using Guid(14b8fed2b17879a4292bc64be3788272) Importer(815301076,1909f56bfc062723c751e8b465ee728b)  -> (artifact id: 'f890a895d26b7093fca0f760a8f6ef0c') in 0.003441 seconds 
========================================================================
Received Prepare
Registering precompiled user dll's ...
Registered in 0.002612 seconds.
Begin MonoManager ReloadAssembly
Native extension for WindowsStandalone target not found
Native extension for iOS target not found
Native extension for Android target not found
Native extension for WebGL target not found
Refreshing native plugins compatible for Editor in 0.58 ms, found 2 plugins.
Preloading 0 native plugins for Editor in 0.00 ms.
Mono: successfully reloaded assembly
- Completed reload, in  0.876 seconds
Domain Reload Profiling:
	ReloadAssembly (876ms)
		BeginReloadAssembly (103ms)
			ExecutionOrderSort (0ms)
			DisableScriptedObjects (4ms)
			BackupInstance (0ms)
			ReleaseScriptingObjects (0ms)
			CreateAndSetChildDomain (27ms)
		EndReloadAssembly (688ms)
			LoadAssemblies (66ms)
			RebuildTransferFunctionScriptingTraits (0ms)
			SetupTypeCache (174ms)
			ReleaseScriptCaches (1ms)
			RebuildScriptCaches (43ms)
			SetupLoadedEditorAssemblies (344ms)
				LogAssemblyErrors (0ms)
				InitializePlatformSupportModulesInManaged (29ms)
				SetLoadedEditorAssemblies (0ms)
				RefreshPlugins (1ms)
				BeforeProcessingInitializeOnLoad (44ms)
				ProcessInitializeOnLoadAttributes (232ms)
				ProcessInitializeOnLoadMethodAttributes (35ms)
				AfterProcessingInitializeOnLoad (3ms)
				EditorAssembliesLoaded (0ms)
			ExecutionOrderSort2 (0ms)
			AwakeInstancesAfterBackupRestoration (9ms)
Platform modules already initialized, skipping
Refreshing native plugins compatible for Editor in 1.95 ms, found 2 plugins.
Preloading 0 native plugins for Editor in 0.00 ms.
Unloading 2121 Unused Serialized files (Serialized files now loaded: 0)
Unloading 14 unused Assets / (25.4 KB). Loaded Objects now: 2627.
Memory consumption went from 97.8 MB to 97.8 MB.
Total: 4.597100 ms (FindLiveObjects: 0.325800 ms CreateObjectMapping: 0.071900 ms MarkObjects: 4.152200 ms  DeleteObjects: 0.045800 ms)

AssetImportParameters requested are different than current active one (requested -> active):
  custom:video-decoder-ogg-theora: a1e56fd34408186e4bbccfd4996cb3dc -> 
  custom:container-muxer-webm: aa71ff27fc2769a1b78a27578f13a17b -> 
  custom:container-demuxer-webm: 4f35f7cbe854078d1ac9338744f61a02 -> 
  custom:video-encoder-webm-vp8: eb34c28f22e8b96e1ab97ce403110664 -> 
  custom:audio-encoder-webm-vorbis: bf7c407c2cedff20999df2af8eb42d56 -> 
  custom:framework-win-MediaFoundation: 216162199b28c13a410421893ffa2e32 -> 
  custom:container-demuxer-ogg: 62fdf1f143b41e24485cea50d1cbac27 -> 
  custom:video-decoder-webm-vp8: 9c59270c3fd7afecdb556c50c9e8de78 -> 
  custom:audio-decoder-ogg-vorbis: bf7c407c2cedff20999df2af8eb42d56 -> 
========================================================================
Received Prepare
Registering precompiled user dll's ...
Registered in 0.002336 seconds.
Begin MonoManager ReloadAssembly
Native extension for WindowsStandalone target not found
Native extension for iOS target not found
Native extension for Android target not found
Native extension for WebGL target not found
Refreshing native plugins compatible for Editor in 0.49 ms, found 2 plugins.
Preloading 0 native plugins for Editor in 0.00 ms.
Mono: successfully reloaded assembly
- Completed reload, in  0.829 seconds
Domain Reload Profiling:
	ReloadAssembly (830ms)
		BeginReloadAssembly (106ms)
			ExecutionOrderSort (0ms)
			DisableScriptedObjects (5ms)
			BackupInstance (0ms)
			ReleaseScriptingObjects (0ms)
			CreateAndSetChildDomain (28ms)
		EndReloadAssembly (636ms)
			LoadAssemblies (61ms)
			RebuildTransferFunctionScriptingTraits (0ms)
			SetupTypeCache (177ms)
			ReleaseScriptCaches (1ms)
			RebuildScriptCaches (36ms)
			SetupLoadedEditorAssemblies (313ms)
				LogAssemblyErrors (0ms)
				InitializePlatformSupportModulesInManaged (28ms)
				SetLoadedEditorAssemblies (0ms)
				RefreshPlugins (1ms)
				BeforeProcessingInitializeOnLoad (36ms)
				ProcessInitializeOnLoadAttributes (214ms)
				ProcessInitializeOnLoadMethodAttributes (31ms)
				AfterProcessingInitializeOnLoad (4ms)
				EditorAssembliesLoaded (0ms)
			ExecutionOrderSort2 (0ms)
			AwakeInstancesAfterBackupRestoration (9ms)
Platform modules already initialized, skipping
Refreshing native plugins compatible for Editor in 1.27 ms, found 2 plugins.
Preloading 0 native plugins for Editor in 0.00 ms.
Unloading 2121 Unused Serialized files (Serialized files now loaded: 0)
Unloading 13 unused Assets / (24.7 KB). Loaded Objects now: 2630.
Memory consumption went from 97.7 MB to 97.7 MB.
Total: 2.945400 ms (FindLiveObjects: 0.158200 ms CreateObjectMapping: 0.049500 ms MarkObjects: 2.713200 ms  DeleteObjects: 0.023700 ms)

AssetImportParameters requested are different than current active one (requested -> active):
  custom:video-decoder-ogg-theora: a1e56fd34408186e4bbccfd4996cb3dc -> 
  custom:container-muxer-webm: aa71ff27fc2769a1b78a27578f13a17b -> 
  custom:container-demuxer-webm: 4f35f7cbe854078d1ac9338744f61a02 -> 
  custom:video-encoder-webm-vp8: eb34c28f22e8b96e1ab97ce403110664 -> 
  custom:audio-encoder-webm-vorbis: bf7c407c2cedff20999df2af8eb42d56 -> 
  custom:framework-win-MediaFoundation: 216162199b28c13a410421893ffa2e32 -> 
  custom:container-demuxer-ogg: 62fdf1f143b41e24485cea50d1cbac27 -> 
  custom:video-decoder-webm-vp8: 9c59270c3fd7afecdb556c50c9e8de78 -> 
  custom:audio-decoder-ogg-vorbis: bf7c407c2cedff20999df2af8eb42d56 -> 
========================================================================
Received Import Request.
  Time since last request: 125.574317 seconds.
  path: Assets/Resources/VOICE
  artifactKey: Guid(ad3ce45504b3ac443bf0626c4fe244c8) Importer(815301076,1909f56bfc062723c751e8b465ee728b)
Start importing Assets/Resources/VOICE using Guid(ad3ce45504b3ac443bf0626c4fe244c8) Importer(815301076,1909f56bfc062723c751e8b465ee728b)  -> (artifact id: '94fdbc96aea605feab9e5f5b6897040b') in 0.009739 seconds 
========================================================================
Received Import Request.
  Time since last request: 6.085099 seconds.
  path: Assets/Resources/VOICE/Shizuku
  artifactKey: Guid(5f7fbaf98567b454bb3235042ebd8122) Importer(815301076,1909f56bfc062723c751e8b465ee728b)
Start importing Assets/Resources/VOICE/Shizuku using Guid(5f7fbaf98567b454bb3235042ebd8122) Importer(815301076,1909f56bfc062723c751e8b465ee728b)  -> (artifact id: '7b35d1979622f173ed2123a96eb69eaf') in 0.001785 seconds 
========================================================================
Received Import Request.
  Time since last request: 4.155864 seconds.
  path: Assets/Resources/VOICE/NewBehaviourScript.cs
  artifactKey: Guid(7fc7acdddc4f8c346b5c488bfd73cf98) Importer(815301076,1909f56bfc062723c751e8b465ee728b)
Start importing Assets/Resources/VOICE/NewBehaviourScript.cs using Guid(7fc7acdddc4f8c346b5c488bfd73cf98) Importer(815301076,1909f56bfc062723c751e8b465ee728b)  -> (artifact id: '65e848136f97b043573cac1744d7a6b7') in 0.008475 seconds 
========================================================================
Received Prepare
Registering precompiled user dll's ...
Registered in 0.002446 seconds.
Begin MonoManager ReloadAssembly
Native extension for WindowsStandalone target not found
Native extension for iOS target not found
Native extension for Android target not found
Native extension for WebGL target not found
Refreshing native plugins compatible for Editor in 0.38 ms, found 2 plugins.
Preloading 0 native plugins for Editor in 0.00 ms.
Mono: successfully reloaded assembly
- Completed reload, in  0.826 seconds
Domain Reload Profiling:
	ReloadAssembly (826ms)
		BeginReloadAssembly (117ms)
			ExecutionOrderSort (0ms)
			DisableScriptedObjects (5ms)
			BackupInstance (0ms)
			ReleaseScriptingObjects (0ms)
			CreateAndSetChildDomain (28ms)
		EndReloadAssembly (626ms)
			LoadAssemblies (75ms)
			RebuildTransferFunctionScriptingTraits (0ms)
			SetupTypeCache (189ms)
			ReleaseScriptCaches (1ms)
			RebuildScriptCaches (36ms)
			SetupLoadedEditorAssemblies (293ms)
				LogAssemblyErrors (0ms)
				InitializePlatformSupportModulesInManaged (25ms)
				SetLoadedEditorAssemblies (0ms)
				RefreshPlugins (0ms)
				BeforeProcessingInitializeOnLoad (34ms)
				ProcessInitializeOnLoadAttributes (206ms)
				ProcessInitializeOnLoadMethodAttributes (24ms)
				AfterProcessingInitializeOnLoad (2ms)
				EditorAssembliesLoaded (0ms)
			ExecutionOrderSort2 (0ms)
			AwakeInstancesAfterBackupRestoration (6ms)
Platform modules already initialized, skipping
Refreshing native plugins compatible for Editor in 1.32 ms, found 2 plugins.
Preloading 0 native plugins for Editor in 0.00 ms.
Unloading 2121 Unused Serialized files (Serialized files now loaded: 0)
Unloading 13 unused Assets / (24.7 KB). Loaded Objects now: 2633.
Memory consumption went from 97.9 MB to 97.8 MB.
Total: 2.736300 ms (FindLiveObjects: 0.168200 ms CreateObjectMapping: 0.047800 ms MarkObjects: 2.495500 ms  DeleteObjects: 0.024000 ms)

AssetImportParameters requested are different than current active one (requested -> active):
  custom:video-decoder-ogg-theora: a1e56fd34408186e4bbccfd4996cb3dc -> 
  custom:container-muxer-webm: aa71ff27fc2769a1b78a27578f13a17b -> 
  custom:container-demuxer-webm: 4f35f7cbe854078d1ac9338744f61a02 -> 
  custom:video-encoder-webm-vp8: eb34c28f22e8b96e1ab97ce403110664 -> 
  custom:audio-encoder-webm-vorbis: bf7c407c2cedff20999df2af8eb42d56 -> 
  custom:framework-win-MediaFoundation: 216162199b28c13a410421893ffa2e32 -> 
  custom:container-demuxer-ogg: 62fdf1f143b41e24485cea50d1cbac27 -> 
  custom:video-decoder-webm-vp8: 9c59270c3fd7afecdb556c50c9e8de78 -> 
  custom:audio-decoder-ogg-vorbis: bf7c407c2cedff20999df2af8eb42d56 -> 
========================================================================
Received Import Request.
  Time since last request: 16.068372 seconds.
  path: Assets/Resources/VOICE/Mika
  artifactKey: Guid(e46edcea7a5d0264486d5e6b92c831dd) Importer(815301076,1909f56bfc062723c751e8b465ee728b)
Start importing Assets/Resources/VOICE/Mika using Guid(e46edcea7a5d0264486d5e6b92c831dd) Importer(815301076,1909f56bfc062723c751e8b465ee728b)  -> (artifact id: 'ea2451211a9fa7263eec1a6b32a0f8a9') in 0.005010 seconds 
========================================================================
Received Import Request.
  Time since last request: 14.105984 seconds.
  path: Assets/Prefabs/WavePrefabs/Enemy4Wave_1.prefab
  artifactKey: Guid(dfdcf90b85fde714f8cb4e61126a1bdb) Importer(815301076,1909f56bfc062723c751e8b465ee728b)
Start importing Assets/Prefabs/WavePrefabs/Enemy4Wave_1.prefab using Guid(dfdcf90b85fde714f8cb4e61126a1bdb) Importer(815301076,1909f56bfc062723c751e8b465ee728b)  -> (artifact id: '0c34cfd03824bdc3e11f2c738f36104f') in 0.091415 seconds 
========================================================================
Received Import Request.
  Time since last request: 0.000015 seconds.
  path: Assets/Prefabs/WavePrefabs/EnemyWave2.prefab
  artifactKey: Guid(8aa625084aba14243b41ff9b75f22fd3) Importer(815301076,1909f56bfc062723c751e8b465ee728b)
Start importing Assets/Prefabs/WavePrefabs/EnemyWave2.prefab using Guid(8aa625084aba14243b41ff9b75f22fd3) Importer(815301076,1909f56bfc062723c751e8b465ee728b)  -> (artifact id: 'ad8aaba121549d8f3d2ca01124eb4ec8') in 0.027022 seconds 
========================================================================
Received Import Request.
  Time since last request: 0.000026 seconds.
  path: Assets/Prefabs/WavePrefabs/EnemyWave4.prefab
  artifactKey: Guid(643e30296a484a34faf2749cdffc32b5) Importer(815301076,1909f56bfc062723c751e8b465ee728b)
Start importing Assets/Prefabs/WavePrefabs/EnemyWave4.prefab using Guid(643e30296a484a34faf2749cdffc32b5) Importer(815301076,1909f56bfc062723c751e8b465ee728b)  -> (artifact id: '042b7340e054cb160285f4b86a08d632') in 0.023407 seconds 
========================================================================
Received Import Request.
  Time since last request: 0.000023 seconds.
  path: Assets/Prefabs/WavePrefabs/EnemyWave7.prefab
  artifactKey: Guid(fe36d393d1204af43a9e8d3a3f0bada0) Importer(815301076,1909f56bfc062723c751e8b465ee728b)
Start importing Assets/Prefabs/WavePrefabs/EnemyWave7.prefab using Guid(fe36d393d1204af43a9e8d3a3f0bada0) Importer(815301076,1909f56bfc062723c751e8b465ee728b)  -> (artifact id: 'b6b137aeecdbaa606cc825b03818979e') in 0.020544 seconds 
========================================================================
Received Import Request.
  Time since last request: 0.000017 seconds.
  path: Assets/Prefabs/WavePrefabs/EnemyWave5.prefab
  artifactKey: Guid(6d42d4c6d48b9d94ca64363ed39ede83) Importer(815301076,1909f56bfc062723c751e8b465ee728b)
Start importing Assets/Prefabs/WavePrefabs/EnemyWave5.prefab using Guid(6d42d4c6d48b9d94ca64363ed39ede83) Importer(815301076,1909f56bfc062723c751e8b465ee728b)  -> (artifact id: '74c44a257decbe5bb1ed86b429351406') in 0.028815 seconds 
========================================================================
Received Import Request.
  Time since last request: 0.000018 seconds.
  path: Assets/Prefabs/WavePrefabs/EnemyWaveTP.prefab
  artifactKey: Guid(42bb67cf4db8fbf40b163246ce7c67b5) Importer(815301076,1909f56bfc062723c751e8b465ee728b)
Start importing Assets/Prefabs/WavePrefabs/EnemyWaveTP.prefab using Guid(42bb67cf4db8fbf40b163246ce7c67b5) Importer(815301076,1909f56bfc062723c751e8b465ee728b)  -> (artifact id: '9821cddd7ea06e7d00eaf863bd9f7f2d') in 0.066057 seconds 
========================================================================
Received Import Request.
  Time since last request: 0.000023 seconds.
  path: Assets/Prefabs/WavePrefabs/EnemyWaveDisk1_3.prefab
  artifactKey: Guid(69948700b07b91447bab37f96fbe359b) Importer(815301076,1909f56bfc062723c751e8b465ee728b)
Start importing Assets/Prefabs/WavePrefabs/EnemyWaveDisk1_3.prefab using Guid(69948700b07b91447bab37f96fbe359b) Importer(815301076,1909f56bfc062723c751e8b465ee728b)  -> (artifact id: '259a607063d57f4d40398f1a7577a5b7') in 0.045522 seconds 
========================================================================
Received Import Request.
  Time since last request: 0.000029 seconds.
  path: Assets/Prefabs/WavePrefabs/EnemyWaveDisk1_2.prefab
  artifactKey: Guid(216b8f5cd3fb183449481af3e26db77e) Importer(815301076,1909f56bfc062723c751e8b465ee728b)
Start importing Assets/Prefabs/WavePrefabs/EnemyWaveDisk1_2.prefab using Guid(216b8f5cd3fb183449481af3e26db77e) Importer(815301076,1909f56bfc062723c751e8b465ee728b)  -> (artifact id: 'c70365710a876d6cf81987e3fd0b375d') in 0.027124 seconds 
========================================================================
Received Import Request.
  Time since last request: 0.000024 seconds.
  path: Assets/Prefabs/WavePrefabs/EnemyWave3.prefab
  artifactKey: Guid(f4795e048c8994f45a6732bcd3749ed9) Importer(815301076,1909f56bfc062723c751e8b465ee728b)
Start importing Assets/Prefabs/WavePrefabs/EnemyWave3.prefab using Guid(f4795e048c8994f45a6732bcd3749ed9) Importer(815301076,1909f56bfc062723c751e8b465ee728b)  -> (artifact id: '0bc1f0ad86ce4c156acac22ab9ac8ec9') in 0.027202 seconds 
========================================================================
Received Import Request.
  Time since last request: 0.000025 seconds.
  path: Assets/Prefabs/WavePrefabs/EnemyWaveFighter_2.prefab
  artifactKey: Guid(d5cd88c8a82f64444b592112f8866a5e) Importer(815301076,1909f56bfc062723c751e8b465ee728b)
Start importing Assets/Prefabs/WavePrefabs/EnemyWaveFighter_2.prefab using Guid(d5cd88c8a82f64444b592112f8866a5e) Importer(815301076,1909f56bfc062723c751e8b465ee728b)  -> (artifact id: '29d1971e0742872cd9e6a856532c4b17') in 0.055437 seconds 
========================================================================
Received Import Request.
  Time since last request: 0.000021 seconds.
  path: Assets/Prefabs/WavePrefabs/EnemyWave6.prefab
  artifactKey: Guid(6d84bb1eb460d1f4c8fcf8e176cf7933) Importer(815301076,1909f56bfc062723c751e8b465ee728b)
Start importing Assets/Prefabs/WavePrefabs/EnemyWave6.prefab using Guid(6d84bb1eb460d1f4c8fcf8e176cf7933) Importer(815301076,1909f56bfc062723c751e8b465ee728b)  -> (artifact id: '672d38603e0a5cb3703c54447fd8fa7e') in 0.021743 seconds 
========================================================================
Received Import Request.
  Time since last request: 376.702512 seconds.
  path: Assets/Scenes/Master.unity
  artifactKey: Guid(5f23932435019df4fb83771c68fdcd42) Importer(815301076,1909f56bfc062723c751e8b465ee728b)
Start importing Assets/Scenes/Master.unity using Guid(5f23932435019df4fb83771c68fdcd42) Importer(815301076,1909f56bfc062723c751e8b465ee728b)  -> (artifact id: '9d10a8d00eb653a9feb4948df87a0c74') in 0.006744 seconds 
========================================================================
Received Prepare
Registering precompiled user dll's ...
Registered in 0.002378 seconds.
Begin MonoManager ReloadAssembly
Native extension for WindowsStandalone target not found
Native extension for iOS target not found
Native extension for Android target not found
Native extension for WebGL target not found
Refreshing native plugins compatible for Editor in 0.52 ms, found 2 plugins.
Preloading 0 native plugins for Editor in 0.00 ms.
Mono: successfully reloaded assembly
- Completed reload, in  0.861 seconds
Domain Reload Profiling:
	ReloadAssembly (861ms)
		BeginReloadAssembly (106ms)
			ExecutionOrderSort (0ms)
			DisableScriptedObjects (5ms)
			BackupInstance (0ms)
			ReleaseScriptingObjects (0ms)
			CreateAndSetChildDomain (28ms)
		EndReloadAssembly (672ms)
			LoadAssemblies (64ms)
			RebuildTransferFunctionScriptingTraits (0ms)
			SetupTypeCache (192ms)
			ReleaseScriptCaches (1ms)
			RebuildScriptCaches (43ms)
			SetupLoadedEditorAssemblies (312ms)
				LogAssemblyErrors (0ms)
				InitializePlatformSupportModulesInManaged (35ms)
				SetLoadedEditorAssemblies (0ms)
				RefreshPlugins (1ms)
				BeforeProcessingInitializeOnLoad (39ms)
				ProcessInitializeOnLoadAttributes (208ms)
				ProcessInitializeOnLoadMethodAttributes (26ms)
				AfterProcessingInitializeOnLoad (3ms)
				EditorAssembliesLoaded (0ms)
			ExecutionOrderSort2 (0ms)
			AwakeInstancesAfterBackupRestoration (9ms)
Platform modules already initialized, skipping
Refreshing native plugins compatible for Editor in 1.32 ms, found 2 plugins.
Preloading 0 native plugins for Editor in 0.00 ms.
Unloading 2121 Unused Serialized files (Serialized files now loaded: 0)
Unloading 13 unused Assets / (24.7 KB). Loaded Objects now: 2640.
Memory consumption went from 99.0 MB to 98.9 MB.
Total: 2.856300 ms (FindLiveObjects: 0.182400 ms CreateObjectMapping: 0.049200 ms MarkObjects: 2.590200 ms  DeleteObjects: 0.024100 ms)

AssetImportParameters requested are different than current active one (requested -> active):
  custom:video-decoder-ogg-theora: a1e56fd34408186e4bbccfd4996cb3dc -> 
  custom:container-muxer-webm: aa71ff27fc2769a1b78a27578f13a17b -> 
  custom:container-demuxer-webm: 4f35f7cbe854078d1ac9338744f61a02 -> 
  custom:video-encoder-webm-vp8: eb34c28f22e8b96e1ab97ce403110664 -> 
  custom:audio-encoder-webm-vorbis: bf7c407c2cedff20999df2af8eb42d56 -> 
  custom:framework-win-MediaFoundation: 216162199b28c13a410421893ffa2e32 -> 
  custom:container-demuxer-ogg: 62fdf1f143b41e24485cea50d1cbac27 -> 
  custom:video-decoder-webm-vp8: 9c59270c3fd7afecdb556c50c9e8de78 -> 
  custom:audio-decoder-ogg-vorbis: bf7c407c2cedff20999df2af8eb42d56 -> 
========================================================================
Received Import Request.
  Time since last request: 104.521116 seconds.
  path: Assets/Scenes/Endroll.unity
  artifactKey: Guid(2562a5118c6e7624aaa14e1ac7f1aa3d) Importer(815301076,1909f56bfc062723c751e8b465ee728b)
Start importing Assets/Scenes/Endroll.unity using Guid(2562a5118c6e7624aaa14e1ac7f1aa3d) Importer(815301076,1909f56bfc062723c751e8b465ee728b)  -> (artifact id: '85f1e44fda027e9ec7227ccc0b1274ca') in 0.009607 seconds 
========================================================================
Received Import Request.
  Time since last request: 21.062116 seconds.
  path: Assets/Scenes/idleScene.unity
  artifactKey: Guid(d4440eb0d5a12df478e27cb540104260) Importer(815301076,1909f56bfc062723c751e8b465ee728b)
Start importing Assets/Scenes/idleScene.unity using Guid(d4440eb0d5a12df478e27cb540104260) Importer(815301076,1909f56bfc062723c751e8b465ee728b)  -> (artifact id: '95634f4e4fab6d012e8f797ca3bec2f9') in 0.006194 seconds 
========================================================================
Received Prepare
Registering precompiled user dll's ...
Registered in 0.002422 seconds.
Begin MonoManager ReloadAssembly
Native extension for WindowsStandalone target not found
Native extension for iOS target not found
Native extension for Android target not found
Native extension for WebGL target not found
Refreshing native plugins compatible for Editor in 0.37 ms, found 2 plugins.
Preloading 0 native plugins for Editor in 0.00 ms.
Mono: successfully reloaded assembly
- Completed reload, in  0.982 seconds
Domain Reload Profiling:
	ReloadAssembly (983ms)
		BeginReloadAssembly (147ms)
			ExecutionOrderSort (0ms)
			DisableScriptedObjects (12ms)
			BackupInstance (0ms)
			ReleaseScriptingObjects (1ms)
			CreateAndSetChildDomain (40ms)
		EndReloadAssembly (736ms)
			LoadAssemblies (79ms)
			RebuildTransferFunctionScriptingTraits (0ms)
			SetupTypeCache (220ms)
			ReleaseScriptCaches (1ms)
			RebuildScriptCaches (40ms)
			SetupLoadedEditorAssemblies (358ms)
				LogAssemblyErrors (0ms)
				InitializePlatformSupportModulesInManaged (30ms)
				SetLoadedEditorAssemblies (0ms)
				RefreshPlugins (0ms)
				BeforeProcessingInitializeOnLoad (38ms)
				ProcessInitializeOnLoadAttributes (251ms)
				ProcessInitializeOnLoadMethodAttributes (31ms)
				AfterProcessingInitializeOnLoad (6ms)
				EditorAssembliesLoaded (0ms)
			ExecutionOrderSort2 (0ms)
			AwakeInstancesAfterBackupRestoration (7ms)
Platform modules already initialized, skipping
Refreshing native plugins compatible for Editor in 1.33 ms, found 2 plugins.
Preloading 0 native plugins for Editor in 0.00 ms.
Unloading 2121 Unused Serialized files (Serialized files now loaded: 0)
Unloading 13 unused Assets / (24.7 KB). Loaded Objects now: 2643.
Memory consumption went from 99.0 MB to 98.9 MB.
Total: 3.153500 ms (FindLiveObjects: 0.186700 ms CreateObjectMapping: 0.051800 ms MarkObjects: 2.889600 ms  DeleteObjects: 0.024300 ms)

AssetImportParameters requested are different than current active one (requested -> active):
  custom:video-decoder-ogg-theora: a1e56fd34408186e4bbccfd4996cb3dc -> 
  custom:container-muxer-webm: aa71ff27fc2769a1b78a27578f13a17b -> 
  custom:container-demuxer-webm: 4f35f7cbe854078d1ac9338744f61a02 -> 
  custom:video-encoder-webm-vp8: eb34c28f22e8b96e1ab97ce403110664 -> 
  custom:audio-encoder-webm-vorbis: bf7c407c2cedff20999df2af8eb42d56 -> 
  custom:framework-win-MediaFoundation: 216162199b28c13a410421893ffa2e32 -> 
  custom:container-demuxer-ogg: 62fdf1f143b41e24485cea50d1cbac27 -> 
  custom:video-decoder-webm-vp8: 9c59270c3fd7afecdb556c50c9e8de78 -> 
  custom:audio-decoder-ogg-vorbis: bf7c407c2cedff20999df2af8eb42d56 -> 
========================================================================
Received Prepare
Registering precompiled user dll's ...
Registered in 0.003047 seconds.
Begin MonoManager ReloadAssembly
Native extension for WindowsStandalone target not found
Native extension for iOS target not found
Native extension for Android target not found
Native extension for WebGL target not found
Refreshing native plugins compatible for Editor in 0.60 ms, found 2 plugins.
Preloading 0 native plugins for Editor in 0.00 ms.
Mono: successfully reloaded assembly
- Completed reload, in  0.893 seconds
Domain Reload Profiling:
	ReloadAssembly (894ms)
		BeginReloadAssembly (110ms)
			ExecutionOrderSort (0ms)
			DisableScriptedObjects (5ms)
			BackupInstance (0ms)
			ReleaseScriptingObjects (0ms)
			CreateAndSetChildDomain (31ms)
		EndReloadAssembly (704ms)
			LoadAssemblies (67ms)
			RebuildTransferFunctionScriptingTraits (0ms)
			SetupTypeCache (183ms)
			ReleaseScriptCaches (1ms)
			RebuildScriptCaches (34ms)
			SetupLoadedEditorAssemblies (372ms)
				LogAssemblyErrors (0ms)
				InitializePlatformSupportModulesInManaged (27ms)
				SetLoadedEditorAssemblies (0ms)
				RefreshPlugins (1ms)
				BeforeProcessingInitializeOnLoad (43ms)
				ProcessInitializeOnLoadAttributes (263ms)
				ProcessInitializeOnLoadMethodAttributes (34ms)
				AfterProcessingInitializeOnLoad (3ms)
				EditorAssembliesLoaded (0ms)
			ExecutionOrderSort2 (0ms)
			AwakeInstancesAfterBackupRestoration (9ms)
Platform modules already initialized, skipping
Refreshing native plugins compatible for Editor in 1.25 ms, found 2 plugins.
Preloading 0 native plugins for Editor in 0.00 ms.
Unloading 2121 Unused Serialized files (Serialized files now loaded: 0)
Unloading 13 unused Assets / (24.6 KB). Loaded Objects now: 2646.
Memory consumption went from 99.0 MB to 98.9 MB.
Total: 3.848800 ms (FindLiveObjects: 0.261300 ms CreateObjectMapping: 0.088200 ms MarkObjects: 3.465400 ms  DeleteObjects: 0.032900 ms)

AssetImportParameters requested are different than current active one (requested -> active):
  custom:video-decoder-ogg-theora: a1e56fd34408186e4bbccfd4996cb3dc -> 
  custom:container-muxer-webm: aa71ff27fc2769a1b78a27578f13a17b -> 
  custom:container-demuxer-webm: 4f35f7cbe854078d1ac9338744f61a02 -> 
  custom:video-encoder-webm-vp8: eb34c28f22e8b96e1ab97ce403110664 -> 
  custom:audio-encoder-webm-vorbis: bf7c407c2cedff20999df2af8eb42d56 -> 
  custom:framework-win-MediaFoundation: 216162199b28c13a410421893ffa2e32 -> 
  custom:container-demuxer-ogg: 62fdf1f143b41e24485cea50d1cbac27 -> 
  custom:video-decoder-webm-vp8: 9c59270c3fd7afecdb556c50c9e8de78 -> 
  custom:audio-decoder-ogg-vorbis: bf7c407c2cedff20999df2af8eb42d56 -> 
========================================================================
Received Prepare
Registering precompiled user dll's ...
Registered in 0.002773 seconds.
Begin MonoManager ReloadAssembly
Native extension for WindowsStandalone target not found
Native extension for iOS target not found
Native extension for Android target not found
Native extension for WebGL target not found
Refreshing native plugins compatible for Editor in 0.53 ms, found 2 plugins.
Preloading 0 native plugins for Editor in 0.00 ms.
Mono: successfully reloaded assembly
- Completed reload, in  0.909 seconds
Domain Reload Profiling:
	ReloadAssembly (910ms)
		BeginReloadAssembly (103ms)
			ExecutionOrderSort (0ms)
			DisableScriptedObjects (5ms)
			BackupInstance (0ms)
			ReleaseScriptingObjects (0ms)
			CreateAndSetChildDomain (30ms)
		EndReloadAssembly (721ms)
			LoadAssemblies (63ms)
			RebuildTransferFunctionScriptingTraits (0ms)
			SetupTypeCache (202ms)
			ReleaseScriptCaches (1ms)
			RebuildScriptCaches (35ms)
			SetupLoadedEditorAssemblies (360ms)
				LogAssemblyErrors (0ms)
				InitializePlatformSupportModulesInManaged (32ms)
				SetLoadedEditorAssemblies (1ms)
				RefreshPlugins (1ms)
				BeforeProcessingInitializeOnLoad (46ms)
				ProcessInitializeOnLoadAttributes (249ms)
				ProcessInitializeOnLoadMethodAttributes (29ms)
				AfterProcessingInitializeOnLoad (3ms)
				EditorAssembliesLoaded (0ms)
			ExecutionOrderSort2 (0ms)
			AwakeInstancesAfterBackupRestoration (8ms)
Platform modules already initialized, skipping
Refreshing native plugins compatible for Editor in 1.43 ms, found 2 plugins.
Preloading 0 native plugins for Editor in 0.00 ms.
Unloading 2121 Unused Serialized files (Serialized files now loaded: 0)
Unloading 13 unused Assets / (24.6 KB). Loaded Objects now: 2649.
Memory consumption went from 98.9 MB to 98.9 MB.
Total: 2.802300 ms (FindLiveObjects: 0.175800 ms CreateObjectMapping: 0.053900 ms MarkObjects: 2.551800 ms  DeleteObjects: 0.020100 ms)

AssetImportParameters requested are different than current active one (requested -> active):
  custom:video-decoder-ogg-theora: a1e56fd34408186e4bbccfd4996cb3dc -> 
  custom:container-muxer-webm: aa71ff27fc2769a1b78a27578f13a17b -> 
  custom:container-demuxer-webm: 4f35f7cbe854078d1ac9338744f61a02 -> 
  custom:video-encoder-webm-vp8: eb34c28f22e8b96e1ab97ce403110664 -> 
  custom:audio-encoder-webm-vorbis: bf7c407c2cedff20999df2af8eb42d56 -> 
  custom:framework-win-MediaFoundation: 216162199b28c13a410421893ffa2e32 -> 
  custom:container-demuxer-ogg: 62fdf1f143b41e24485cea50d1cbac27 -> 
  custom:video-decoder-webm-vp8: 9c59270c3fd7afecdb556c50c9e8de78 -> 
  custom:audio-decoder-ogg-vorbis: bf7c407c2cedff20999df2af8eb42d56 -> 
========================================================================
Received Prepare
Registering precompiled user dll's ...
Registered in 0.002739 seconds.
Begin MonoManager ReloadAssembly
Native extension for WindowsStandalone target not found
Native extension for iOS target not found
Native extension for Android target not found
Native extension for WebGL target not found
Refreshing native plugins compatible for Editor in 0.57 ms, found 2 plugins.
Preloading 0 native plugins for Editor in 0.00 ms.
Mono: successfully reloaded assembly
- Completed reload, in  0.907 seconds
Domain Reload Profiling:
	ReloadAssembly (907ms)
		BeginReloadAssembly (111ms)
			ExecutionOrderSort (0ms)
			DisableScriptedObjects (5ms)
			BackupInstance (0ms)
			ReleaseScriptingObjects (0ms)
			CreateAndSetChildDomain (30ms)
		EndReloadAssembly (695ms)
			LoadAssemblies (69ms)
			RebuildTransferFunctionScriptingTraits (0ms)
			SetupTypeCache (186ms)
			ReleaseScriptCaches (1ms)
			RebuildScriptCaches (35ms)
			SetupLoadedEditorAssemblies (356ms)
				LogAssemblyErrors (0ms)
				InitializePlatformSupportModulesInManaged (31ms)
				SetLoadedEditorAssemblies (1ms)
				RefreshPlugins (1ms)
				BeforeProcessingInitializeOnLoad (44ms)
				ProcessInitializeOnLoadAttributes (246ms)
				ProcessInitializeOnLoadMethodAttributes (30ms)
				AfterProcessingInitializeOnLoad (3ms)
				EditorAssembliesLoaded (0ms)
			ExecutionOrderSort2 (0ms)
			AwakeInstancesAfterBackupRestoration (9ms)
Platform modules already initialized, skipping
Refreshing native plugins compatible for Editor in 1.59 ms, found 2 plugins.
Preloading 0 native plugins for Editor in 0.00 ms.
Unloading 2121 Unused Serialized files (Serialized files now loaded: 0)
Unloading 13 unused Assets / (24.7 KB). Loaded Objects now: 2652.
Memory consumption went from 99.0 MB to 99.0 MB.
Total: 2.819900 ms (FindLiveObjects: 0.243900 ms CreateObjectMapping: 0.054400 ms MarkObjects: 2.487600 ms  DeleteObjects: 0.033300 ms)

AssetImportParameters requested are different than current active one (requested -> active):
  custom:video-decoder-ogg-theora: a1e56fd34408186e4bbccfd4996cb3dc -> 
  custom:container-muxer-webm: aa71ff27fc2769a1b78a27578f13a17b -> 
  custom:container-demuxer-webm: 4f35f7cbe854078d1ac9338744f61a02 -> 
  custom:video-encoder-webm-vp8: eb34c28f22e8b96e1ab97ce403110664 -> 
  custom:audio-encoder-webm-vorbis: bf7c407c2cedff20999df2af8eb42d56 -> 
  custom:framework-win-MediaFoundation: 216162199b28c13a410421893ffa2e32 -> 
  custom:container-demuxer-ogg: 62fdf1f143b41e24485cea50d1cbac27 -> 
  custom:video-decoder-webm-vp8: 9c59270c3fd7afecdb556c50c9e8de78 -> 
  custom:audio-decoder-ogg-vorbis: bf7c407c2cedff20999df2af8eb42d56 -> 
