Using pre-set license
Built from '2021.3/release' branch; Version is '2021.3.12f1 (8af3c3e441b1) revision 9106371'; Using compiler version '192829333'; Build Type 'Release'
OS: 'Windows 10  (10.0.19045) 64bit Professional' Language: 'ja' Physical Memory: 32699 MB
BatchMode: 1, IsHumanControllingUs: 0, StartBugReporterOnCrash: 0, Is64bit: 1, IsPro: 1

COMMAND LINE ARGUMENTS:
E:\Unity\2021.3.12f1\Editor\Unity.exe
-adb2
-batchMode
-noUpm
-name
AssetImportWorker5
-projectPath
D:/GitHub/2d-shooting-game-master
-logFile
Logs/AssetImportWorker5.log
-srvPort
58676
Successfully changed project path to: D:/GitHub/2d-shooting-game-master
D:/GitHub/2d-shooting-game-master
[UnityMemory] Configuration Parameters - Can be set up in boot.config
    "memorysetup-bucket-allocator-granularity=16"
    "memorysetup-bucket-allocator-bucket-count=8"
    "memorysetup-bucket-allocator-block-size=33554432"
    "memorysetup-bucket-allocator-block-count=8"
    "memorysetup-main-allocator-block-size=16777216"
    "memorysetup-thread-allocator-block-size=16777216"
    "memorysetup-gfx-main-allocator-block-size=16777216"
    "memorysetup-gfx-thread-allocator-block-size=16777216"
    "memorysetup-cache-allocator-block-size=4194304"
    "memorysetup-typetree-allocator-block-size=2097152"
    "memorysetup-profiler-bucket-allocator-granularity=16"
    "memorysetup-profiler-bucket-allocator-bucket-count=8"
    "memorysetup-profiler-bucket-allocator-block-size=33554432"
    "memorysetup-profiler-bucket-allocator-block-count=8"
    "memorysetup-profiler-allocator-block-size=16777216"
    "memorysetup-profiler-editor-allocator-block-size=1048576"
    "memorysetup-temp-allocator-size-main=16777216"
    "memorysetup-job-temp-allocator-block-size=2097152"
    "memorysetup-job-temp-allocator-block-size-background=1048576"
    "memorysetup-job-temp-allocator-reduction-small-platforms=262144"
    "memorysetup-temp-allocator-size-background-worker=32768"
    "memorysetup-temp-allocator-size-job-worker=262144"
    "memorysetup-temp-allocator-size-preload-manager=33554432"
    "memorysetup-temp-allocator-size-nav-mesh-worker=65536"
    "memorysetup-temp-allocator-size-audio-worker=65536"
    "memorysetup-temp-allocator-size-cloud-worker=32768"
    "memorysetup-temp-allocator-size-gi-baking-worker=262144"
    "memorysetup-temp-allocator-size-gfx=262144"
Refreshing native plugins compatible for Editor in 37.25 ms, found 2 plugins.
Preloading 0 native plugins for Editor in 0.00 ms.
Initialize engine version: 2021.3.12f1 (8af3c3e441b1)
[Subsystems] Discovering subsystems at path E:/Unity/2021.3.12f1/Editor/Data/Resources/UnitySubsystems
[Subsystems] Discovering subsystems at path D:/GitHub/2d-shooting-game-master/Assets
GfxDevice: creating device client; threaded=0; jobified=0
Direct3D:
    Version:  Direct3D 11.0 [level 11.1]
    Renderer: NVIDIA GeForce RTX 2060 (ID=0x1f08)
    Vendor:   NVIDIA
    VRAM:     5968 MB
    Driver:   31.0.15.3640
Initialize mono
Mono path[0] = 'E:/Unity/2021.3.12f1/Editor/Data/Managed'
Mono path[1] = 'E:/Unity/2021.3.12f1/Editor/Data/MonoBleedingEdge/lib/mono/unityjit-win32'
Mono config path = 'E:/Unity/2021.3.12f1/Editor/Data/MonoBleedingEdge/etc'
Using monoOptions --debugger-agent=transport=dt_socket,embedding=1,server=y,suspend=n,address=127.0.0.1:56340
Begin MonoManager ReloadAssembly
Registering precompiled unity dll's ...
Register platform support module: E:/Unity/2021.3.12f1/Editor/Data/PlaybackEngines/WebGLSupport/UnityEditor.WebGL.Extensions.dll
Register platform support module: E:/Unity/2021.3.12f1/Editor/Data/PlaybackEngines/AndroidPlayer/UnityEditor.Android.Extensions.dll
Register platform support module: E:/Unity/2021.3.12f1/Editor/Data/PlaybackEngines/iOSSupport/UnityEditor.iOS.Extensions.dll
Register platform support module: E:/Unity/2021.3.12f1/Editor/Data/PlaybackEngines/WindowsStandaloneSupport/UnityEditor.WindowsStandalone.Extensions.dll
Registered in 0.002909 seconds.
Native extension for WindowsStandalone target not found
[usbmuxd] Start listen thread
[usbmuxd] Listen thread started
[usbmuxd] Send listen message
Native extension for iOS target not found
Native extension for Android target not found
Native extension for WebGL target not found
Refreshing native plugins compatible for Editor in 33.12 ms, found 2 plugins.
Preloading 0 native plugins for Editor in 0.00 ms.
Mono: successfully reloaded assembly
- Completed reload, in  0.557 seconds
Domain Reload Profiling:
	ReloadAssembly (557ms)
		BeginReloadAssembly (72ms)
			ExecutionOrderSort (0ms)
			DisableScriptedObjects (0ms)
			BackupInstance (0ms)
			ReleaseScriptingObjects (0ms)
			CreateAndSetChildDomain (1ms)
		EndReloadAssembly (386ms)
			LoadAssemblies (72ms)
			RebuildTransferFunctionScriptingTraits (0ms)
			SetupTypeCache (100ms)
			ReleaseScriptCaches (0ms)
			RebuildScriptCaches (27ms)
			SetupLoadedEditorAssemblies (217ms)
				LogAssemblyErrors (0ms)
				InitializePlatformSupportModulesInManaged (58ms)
				SetLoadedEditorAssemblies (0ms)
				RefreshPlugins (33ms)
				BeforeProcessingInitializeOnLoad (1ms)
				ProcessInitializeOnLoadAttributes (85ms)
				ProcessInitializeOnLoadMethodAttributes (39ms)
				AfterProcessingInitializeOnLoad (0ms)
				EditorAssembliesLoaded (0ms)
			ExecutionOrderSort2 (0ms)
			AwakeInstancesAfterBackupRestoration (0ms)
Platform modules already initialized, skipping
Registering precompiled user dll's ...
Registered in 0.002594 seconds.
Begin MonoManager ReloadAssembly
Native extension for WindowsStandalone target not found
Native extension for iOS target not found
Native extension for Android target not found
Native extension for WebGL target not found
Refreshing native plugins compatible for Editor in 32.84 ms, found 2 plugins.
Preloading 0 native plugins for Editor in 0.00 ms.
Mono: successfully reloaded assembly
- Completed reload, in  1.026 seconds
Domain Reload Profiling:
	ReloadAssembly (1026ms)
		BeginReloadAssembly (222ms)
			ExecutionOrderSort (0ms)
			DisableScriptedObjects (6ms)
			BackupInstance (0ms)
			ReleaseScriptingObjects (0ms)
			CreateAndSetChildDomain (134ms)
		EndReloadAssembly (671ms)
			LoadAssemblies (77ms)
			RebuildTransferFunctionScriptingTraits (0ms)
			SetupTypeCache (175ms)
			ReleaseScriptCaches (0ms)
			RebuildScriptCaches (41ms)
			SetupLoadedEditorAssemblies (350ms)
				LogAssemblyErrors (0ms)
				InitializePlatformSupportModulesInManaged (19ms)
				SetLoadedEditorAssemblies (0ms)
				RefreshPlugins (33ms)
				BeforeProcessingInitializeOnLoad (46ms)
				ProcessInitializeOnLoadAttributes (229ms)
				ProcessInitializeOnLoadMethodAttributes (22ms)
				AfterProcessingInitializeOnLoad (2ms)
				EditorAssembliesLoaded (0ms)
			ExecutionOrderSort2 (0ms)
			AwakeInstancesAfterBackupRestoration (7ms)
Platform modules already initialized, skipping
========================================================================
Worker process is ready to serve import requests
Launched and connected shader compiler UnityShaderCompiler.exe after 0.06 seconds
Refreshing native plugins compatible for Editor in 0.49 ms, found 2 plugins.
Preloading 0 native plugins for Editor in 0.00 ms.
Unloading 2141 Unused Serialized files (Serialized files now loaded: 0)
Unloading 22 unused Assets / (56.2 KB). Loaded Objects now: 2608.
Memory consumption went from 95.5 MB to 95.4 MB.
Total: 2.957500 ms (FindLiveObjects: 0.229600 ms CreateObjectMapping: 0.068500 ms MarkObjects: 2.586300 ms  DeleteObjects: 0.072000 ms)

AssetImportParameters requested are different than current active one (requested -> active):
  custom:video-decoder-ogg-theora: a1e56fd34408186e4bbccfd4996cb3dc -> 
  custom:container-muxer-webm: aa71ff27fc2769a1b78a27578f13a17b -> 
  custom:container-demuxer-webm: 4f35f7cbe854078d1ac9338744f61a02 -> 
  custom:video-encoder-webm-vp8: eb34c28f22e8b96e1ab97ce403110664 -> 
  custom:audio-encoder-webm-vorbis: bf7c407c2cedff20999df2af8eb42d56 -> 
  custom:framework-win-MediaFoundation: 216162199b28c13a410421893ffa2e32 -> 
  custom:container-demuxer-ogg: 62fdf1f143b41e24485cea50d1cbac27 -> 
  custom:video-decoder-webm-vp8: 9c59270c3fd7afecdb556c50c9e8de78 -> 
  custom:audio-decoder-ogg-vorbis: bf7c407c2cedff20999df2af8eb42d56 -> 
========================================================================
Received Import Request.
  Time since last request: 576006.586553 seconds.
  path: Assets/Resources/VOICE/彩澄りりせ/052_うわぁ_03.wav
  artifactKey: Guid(3ed2d651bafb0f547bc1696f1a1f7527) Importer(815301076,1909f56bfc062723c751e8b465ee728b)
Start importing Assets/Resources/VOICE/彩澄りりせ/052_うわぁ_03.wav using Guid(3ed2d651bafb0f547bc1696f1a1f7527) Importer(815301076,1909f56bfc062723c751e8b465ee728b)  -> (artifact id: 'fcb978aee4b5268276393907af0b30fd') in 0.117638 seconds 
========================================================================
Received Import Request.
  Time since last request: 0.000021 seconds.
  path: Assets/Resources/VOICE/彩澄りりせ/193_はいはい_01.wav
  artifactKey: Guid(9abebcaa4618b794a825889c67e4a0f6) Importer(815301076,1909f56bfc062723c751e8b465ee728b)
Start importing Assets/Resources/VOICE/彩澄りりせ/193_はいはい_01.wav using Guid(9abebcaa4618b794a825889c67e4a0f6) Importer(815301076,1909f56bfc062723c751e8b465ee728b)  -> (artifact id: 'bcdc9bd02fae8076e7fe99f752f9d289') in 0.052065 seconds 
========================================================================
Received Import Request.
  Time since last request: 4.267994 seconds.
  path: Assets/Resources/VOICE/御手師マリー/054_えいやー_01.wav
  artifactKey: Guid(c925415de15f3134a8fdbd8fd3d2b67c) Importer(815301076,1909f56bfc062723c751e8b465ee728b)
Start importing Assets/Resources/VOICE/御手師マリー/054_えいやー_01.wav using Guid(c925415de15f3134a8fdbd8fd3d2b67c) Importer(815301076,1909f56bfc062723c751e8b465ee728b)  -> (artifact id: '8b3dc21f68b4f7bbdb738ae91f18a9a7') in 0.012565 seconds 
========================================================================
Received Import Request.
  Time since last request: 0.000017 seconds.
  path: Assets/Resources/VOICE/御手師マリー/090_ゴゴゴゴゴ…_01.wav
  artifactKey: Guid(cb08a5502e941844ab4b294cb3dd8470) Importer(815301076,1909f56bfc062723c751e8b465ee728b)
Start importing Assets/Resources/VOICE/御手師マリー/090_ゴゴゴゴゴ…_01.wav using Guid(cb08a5502e941844ab4b294cb3dd8470) Importer(815301076,1909f56bfc062723c751e8b465ee728b)  -> (artifact id: 'cf735a08d05eb046903b4b1099cfc9e1') in 0.012436 seconds 
========================================================================
Received Import Request.
  Time since last request: 0.000020 seconds.
  path: Assets/Resources/VOICE/御手師マリー/256_チェックお願いします_01.wav
  artifactKey: Guid(b7e56c3d1f5766e41a9cde6c5189e6ff) Importer(815301076,1909f56bfc062723c751e8b465ee728b)
Start importing Assets/Resources/VOICE/御手師マリー/256_チェックお願いします_01.wav using Guid(b7e56c3d1f5766e41a9cde6c5189e6ff) Importer(815301076,1909f56bfc062723c751e8b465ee728b)  -> (artifact id: '678f0c3c0593af3a3ec4798e9a9abcdf') in 0.012497 seconds 
========================================================================
Received Import Request.
  Time since last request: 0.000024 seconds.
  path: Assets/Resources/VOICE/御手師マリー/059_お？_01.wav
  artifactKey: Guid(cd331a964cfebf44b81f9a16b5256cfd) Importer(815301076,1909f56bfc062723c751e8b465ee728b)
Start importing Assets/Resources/VOICE/御手師マリー/059_お？_01.wav using Guid(cd331a964cfebf44b81f9a16b5256cfd) Importer(815301076,1909f56bfc062723c751e8b465ee728b)  -> (artifact id: '54011a03d20a2a8369a952334313ece1') in 0.016195 seconds 
========================================================================
Received Import Request.
  Time since last request: 0.000018 seconds.
  path: Assets/Resources/VOICE/御手師マリー/058_おー_02.wav
  artifactKey: Guid(9dd437257c634ef4eafba14d06a2bdfb) Importer(815301076,1909f56bfc062723c751e8b465ee728b)
Start importing Assets/Resources/VOICE/御手師マリー/058_おー_02.wav using Guid(9dd437257c634ef4eafba14d06a2bdfb) Importer(815301076,1909f56bfc062723c751e8b465ee728b)  -> (artifact id: '91c8695e68fc52dded0ac415c27a5fa3') in 0.016117 seconds 
========================================================================
Received Import Request.
  Time since last request: 0.000022 seconds.
  path: Assets/Resources/VOICE/御手師マリー/184_はい_02.wav
  artifactKey: Guid(713767fdf5663e44d82585f4a0ac2b3d) Importer(815301076,1909f56bfc062723c751e8b465ee728b)
Start importing Assets/Resources/VOICE/御手師マリー/184_はい_02.wav using Guid(713767fdf5663e44d82585f4a0ac2b3d) Importer(815301076,1909f56bfc062723c751e8b465ee728b)  -> (artifact id: 'a5cce653134e244b87fb040306216e93') in 0.025420 seconds 
========================================================================
Received Import Request.
  Time since last request: 1082.510941 seconds.
  path: Assets/Sounds/BGM/Endrollbgm.mp3
  artifactKey: Guid(1fd9cd9c85fea1f4792f9ca8fe8b461c) Importer(815301076,1909f56bfc062723c751e8b465ee728b)
Start importing Assets/Sounds/BGM/Endrollbgm.mp3 using Guid(1fd9cd9c85fea1f4792f9ca8fe8b461c) Importer(815301076,1909f56bfc062723c751e8b465ee728b)  -> (artifact id: '7f9b4273e78acab680e8fece0f0d56f3') in 0.019776 seconds 
========================================================================
Received Import Request.
  Time since last request: 0.000017 seconds.
  path: Assets/Sounds/BGM/stage3bgm.mp3
  artifactKey: Guid(612933123b1d68c4bad4032d146f333c) Importer(815301076,1909f56bfc062723c751e8b465ee728b)
Start importing Assets/Sounds/BGM/stage3bgm.mp3 using Guid(612933123b1d68c4bad4032d146f333c) Importer(815301076,1909f56bfc062723c751e8b465ee728b)  -> (artifact id: 'ce4740a33f7765ab711bd54e3ac0149e') in 0.027728 seconds 
========================================================================
Received Import Request.
  Time since last request: 0.000021 seconds.
  path: Assets/Sounds/BGM/Startbgm.mp3
  artifactKey: Guid(b1147a0e70addcd4abae5ccaafc07ebe) Importer(815301076,1909f56bfc062723c751e8b465ee728b)
Start importing Assets/Sounds/BGM/Startbgm.mp3 using Guid(b1147a0e70addcd4abae5ccaafc07ebe) Importer(815301076,1909f56bfc062723c751e8b465ee728b)  -> (artifact id: '119ea92e71559701965b909c8450963a') in 0.016879 seconds 
Editor requested this worker to shutdown with reason: Scaling down because of idle timeout
AssetImportWorker is now disconnected from the server
Process exiting
Exiting without the bug reporter. Application will terminate with return code 0