Using pre-set license
Built from '2021.3/release' branch; Version is '2021.3.12f1 (8af3c3e441b1) revision 9106371'; Using compiler version '192829333'; Build Type 'Release'
OS: 'Windows 10  (10.0.19045) 64bit Professional' Language: 'ja' Physical Memory: 32699 MB
BatchMode: 1, IsHumanControllingUs: 0, StartBugReporterOnCrash: 0, Is64bit: 1, IsPro: 1

COMMAND LINE ARGUMENTS:
E:\Unity\2021.3.12f1\Editor\Unity.exe
-adb2
-batchMode
-noUpm
-name
AssetImportWorker8
-projectPath
D:/GitHub/2d-shooting-game-master
-logFile
Logs/AssetImportWorker8.log
-srvPort
58676
Successfully changed project path to: D:/GitHub/2d-shooting-game-master
D:/GitHub/2d-shooting-game-master
[UnityMemory] Configuration Parameters - Can be set up in boot.config
    "memorysetup-bucket-allocator-granularity=16"
    "memorysetup-bucket-allocator-bucket-count=8"
    "memorysetup-bucket-allocator-block-size=33554432"
    "memorysetup-bucket-allocator-block-count=8"
    "memorysetup-main-allocator-block-size=16777216"
    "memorysetup-thread-allocator-block-size=16777216"
    "memorysetup-gfx-main-allocator-block-size=16777216"
    "memorysetup-gfx-thread-allocator-block-size=16777216"
    "memorysetup-cache-allocator-block-size=4194304"
    "memorysetup-typetree-allocator-block-size=2097152"
    "memorysetup-profiler-bucket-allocator-granularity=16"
    "memorysetup-profiler-bucket-allocator-bucket-count=8"
    "memorysetup-profiler-bucket-allocator-block-size=33554432"
    "memorysetup-profiler-bucket-allocator-block-count=8"
    "memorysetup-profiler-allocator-block-size=16777216"
    "memorysetup-profiler-editor-allocator-block-size=1048576"
    "memorysetup-temp-allocator-size-main=16777216"
    "memorysetup-job-temp-allocator-block-size=2097152"
    "memorysetup-job-temp-allocator-block-size-background=1048576"
    "memorysetup-job-temp-allocator-reduction-small-platforms=262144"
    "memorysetup-temp-allocator-size-background-worker=32768"
    "memorysetup-temp-allocator-size-job-worker=262144"
    "memorysetup-temp-allocator-size-preload-manager=33554432"
    "memorysetup-temp-allocator-size-nav-mesh-worker=65536"
    "memorysetup-temp-allocator-size-audio-worker=65536"
    "memorysetup-temp-allocator-size-cloud-worker=32768"
    "memorysetup-temp-allocator-size-gi-baking-worker=262144"
    "memorysetup-temp-allocator-size-gfx=262144"
Refreshing native plugins compatible for Editor in 34.45 ms, found 2 plugins.
Preloading 0 native plugins for Editor in 0.00 ms.
Initialize engine version: 2021.3.12f1 (8af3c3e441b1)
[Subsystems] Discovering subsystems at path E:/Unity/2021.3.12f1/Editor/Data/Resources/UnitySubsystems
[Subsystems] Discovering subsystems at path D:/GitHub/2d-shooting-game-master/Assets
GfxDevice: creating device client; threaded=0; jobified=0
Direct3D:
    Version:  Direct3D 11.0 [level 11.1]
    Renderer: NVIDIA GeForce RTX 2060 (ID=0x1f08)
    Vendor:   NVIDIA
    VRAM:     5968 MB
    Driver:   31.0.15.3640
Initialize mono
Mono path[0] = 'E:/Unity/2021.3.12f1/Editor/Data/Managed'
Mono path[1] = 'E:/Unity/2021.3.12f1/Editor/Data/MonoBleedingEdge/lib/mono/unityjit-win32'
Mono config path = 'E:/Unity/2021.3.12f1/Editor/Data/MonoBleedingEdge/etc'
Using monoOptions --debugger-agent=transport=dt_socket,embedding=1,server=y,suspend=n,address=127.0.0.1:56140
Begin MonoManager ReloadAssembly
Registering precompiled unity dll's ...
Register platform support module: E:/Unity/2021.3.12f1/Editor/Data/PlaybackEngines/WebGLSupport/UnityEditor.WebGL.Extensions.dll
Register platform support module: E:/Unity/2021.3.12f1/Editor/Data/PlaybackEngines/AndroidPlayer/UnityEditor.Android.Extensions.dll
Register platform support module: E:/Unity/2021.3.12f1/Editor/Data/PlaybackEngines/iOSSupport/UnityEditor.iOS.Extensions.dll
Register platform support module: E:/Unity/2021.3.12f1/Editor/Data/PlaybackEngines/WindowsStandaloneSupport/UnityEditor.WindowsStandalone.Extensions.dll
Registered in 0.003021 seconds.
Native extension for WindowsStandalone target not found
[usbmuxd] Start listen thread
[usbmuxd] Listen thread started
[usbmuxd] Send listen message
Native extension for iOS target not found
Native extension for Android target not found
Native extension for WebGL target not found
Refreshing native plugins compatible for Editor in 33.97 ms, found 2 plugins.
Preloading 0 native plugins for Editor in 0.00 ms.
Mono: successfully reloaded assembly
- Completed reload, in  0.536 seconds
Domain Reload Profiling:
	ReloadAssembly (537ms)
		BeginReloadAssembly (59ms)
			ExecutionOrderSort (0ms)
			DisableScriptedObjects (0ms)
			BackupInstance (0ms)
			ReleaseScriptingObjects (0ms)
			CreateAndSetChildDomain (1ms)
		EndReloadAssembly (390ms)
			LoadAssemblies (58ms)
			RebuildTransferFunctionScriptingTraits (0ms)
			SetupTypeCache (94ms)
			ReleaseScriptCaches (0ms)
			RebuildScriptCaches (25ms)
			SetupLoadedEditorAssemblies (228ms)
				LogAssemblyErrors (0ms)
				InitializePlatformSupportModulesInManaged (56ms)
				SetLoadedEditorAssemblies (2ms)
				RefreshPlugins (34ms)
				BeforeProcessingInitializeOnLoad (1ms)
				ProcessInitializeOnLoadAttributes (90ms)
				ProcessInitializeOnLoadMethodAttributes (45ms)
				AfterProcessingInitializeOnLoad (0ms)
				EditorAssembliesLoaded (0ms)
			ExecutionOrderSort2 (0ms)
			AwakeInstancesAfterBackupRestoration (0ms)
Platform modules already initialized, skipping
Registering precompiled user dll's ...
Registered in 0.002740 seconds.
Begin MonoManager ReloadAssembly
Native extension for WindowsStandalone target not found
Native extension for iOS target not found
Native extension for Android target not found
Native extension for WebGL target not found
Refreshing native plugins compatible for Editor in 33.04 ms, found 2 plugins.
Preloading 0 native plugins for Editor in 0.00 ms.
Mono: successfully reloaded assembly
- Completed reload, in  0.952 seconds
Domain Reload Profiling:
	ReloadAssembly (953ms)
		BeginReloadAssembly (210ms)
			ExecutionOrderSort (0ms)
			DisableScriptedObjects (6ms)
			BackupInstance (0ms)
			ReleaseScriptingObjects (0ms)
			CreateAndSetChildDomain (134ms)
		EndReloadAssembly (644ms)
			LoadAssemblies (63ms)
			RebuildTransferFunctionScriptingTraits (0ms)
			SetupTypeCache (170ms)
			ReleaseScriptCaches (0ms)
			RebuildScriptCaches (40ms)
			SetupLoadedEditorAssemblies (334ms)
				LogAssemblyErrors (0ms)
				InitializePlatformSupportModulesInManaged (18ms)
				SetLoadedEditorAssemblies (0ms)
				RefreshPlugins (33ms)
				BeforeProcessingInitializeOnLoad (44ms)
				ProcessInitializeOnLoadAttributes (217ms)
				ProcessInitializeOnLoadMethodAttributes (20ms)
				AfterProcessingInitializeOnLoad (2ms)
				EditorAssembliesLoaded (0ms)
			ExecutionOrderSort2 (0ms)
			AwakeInstancesAfterBackupRestoration (7ms)
Platform modules already initialized, skipping
========================================================================
Worker process is ready to serve import requests
Launched and connected shader compiler UnityShaderCompiler.exe after 0.05 seconds
Refreshing native plugins compatible for Editor in 0.43 ms, found 2 plugins.
Preloading 0 native plugins for Editor in 0.00 ms.
Unloading 2141 Unused Serialized files (Serialized files now loaded: 0)
Unloading 22 unused Assets / (56.2 KB). Loaded Objects now: 2608.
Memory consumption went from 95.5 MB to 95.4 MB.
Total: 2.922900 ms (FindLiveObjects: 0.178800 ms CreateObjectMapping: 0.056400 ms MarkObjects: 2.602900 ms  DeleteObjects: 0.083500 ms)

AssetImportParameters requested are different than current active one (requested -> active):
  custom:video-decoder-ogg-theora: a1e56fd34408186e4bbccfd4996cb3dc -> 
  custom:container-muxer-webm: aa71ff27fc2769a1b78a27578f13a17b -> 
  custom:container-demuxer-webm: 4f35f7cbe854078d1ac9338744f61a02 -> 
  custom:video-encoder-webm-vp8: eb34c28f22e8b96e1ab97ce403110664 -> 
  custom:audio-encoder-webm-vorbis: bf7c407c2cedff20999df2af8eb42d56 -> 
  custom:framework-win-MediaFoundation: 216162199b28c13a410421893ffa2e32 -> 
  custom:container-demuxer-ogg: 62fdf1f143b41e24485cea50d1cbac27 -> 
  custom:video-decoder-webm-vp8: 9c59270c3fd7afecdb556c50c9e8de78 -> 
  custom:audio-decoder-ogg-vorbis: bf7c407c2cedff20999df2af8eb42d56 -> 
========================================================================
Received Import Request.
  Time since last request: 578442.784386 seconds.
  path: Assets/Sounds/SE
  artifactKey: Guid(b7f73ec24010a43289de49dc24d0ff66) Importer(815301076,1909f56bfc062723c751e8b465ee728b)
Start importing Assets/Sounds/SE using Guid(b7f73ec24010a43289de49dc24d0ff66) Importer(815301076,1909f56bfc062723c751e8b465ee728b)  -> (artifact id: 'a4db8c79884011d6ee3babb7c7e4e6a9') in 0.011314 seconds 
========================================================================
Received Import Request.
  Time since last request: 17.953066 seconds.
  path: Assets/Sounds/SE/New Folder
  artifactKey: Guid(801fcc0f9403c7548b3d0c451ab93905) Importer(815301076,1909f56bfc062723c751e8b465ee728b)
Start importing Assets/Sounds/SE/New Folder using Guid(801fcc0f9403c7548b3d0c451ab93905) Importer(815301076,1909f56bfc062723c751e8b465ee728b)  -> (artifact id: '6a02281674bd8b88b61cf743bc803cbc') in 0.010690 seconds 
========================================================================
Received Import Request.
  Time since last request: 6.424312 seconds.
  path: Assets/Sounds/SE/OtoLogic
  artifactKey: Guid(801fcc0f9403c7548b3d0c451ab93905) Importer(815301076,1909f56bfc062723c751e8b465ee728b)
Start importing Assets/Sounds/SE/OtoLogic using Guid(801fcc0f9403c7548b3d0c451ab93905) Importer(815301076,1909f56bfc062723c751e8b465ee728b)  -> (artifact id: '22f0ba84e64ac93d07975d28a74d2240') in 0.006749 seconds 
========================================================================
Received Import Request.
  Time since last request: 9.543851 seconds.
  path: Assets/Sounds/SE/OtoLogic/ban.mp3
  artifactKey: Guid(b7b481717f7ae0f479e00dfd2001569a) Importer(815301076,1909f56bfc062723c751e8b465ee728b)
Start importing Assets/Sounds/SE/OtoLogic/ban.mp3 using Guid(b7b481717f7ae0f479e00dfd2001569a) Importer(815301076,1909f56bfc062723c751e8b465ee728b)  -> (artifact id: '80d5011ca3a0d9f5a71dda770f606a5e') in 0.119520 seconds 
========================================================================
Received Import Request.
  Time since last request: 18.429237 seconds.
  path: Assets/Prefabs/EnemyPrefabs/EnemyFighter_0.prefab
  artifactKey: Guid(430f4815da850ea4394466f16b8e809d) Importer(815301076,1909f56bfc062723c751e8b465ee728b)
Start importing Assets/Prefabs/EnemyPrefabs/EnemyFighter_0.prefab using Guid(430f4815da850ea4394466f16b8e809d) Importer(815301076,1909f56bfc062723c751e8b465ee728b)  -> (artifact id: 'fe19e31d303781d9506aee21c60b7487') in 0.085606 seconds 
========================================================================
Received Import Request.
  Time since last request: 47.444959 seconds.
  path: Assets/Prefabs/EnemyPrefabs/Missile.prefab
  artifactKey: Guid(a893e771144049f4283f875a23d27646) Importer(815301076,1909f56bfc062723c751e8b465ee728b)
Start importing Assets/Prefabs/EnemyPrefabs/Missile.prefab using Guid(a893e771144049f4283f875a23d27646) Importer(815301076,1909f56bfc062723c751e8b465ee728b)  -> (artifact id: 'e12a9d613690e42853b4bf83efc4e102') in 0.017462 seconds 
========================================================================
Received Import Request.
  Time since last request: 4.832435 seconds.
  path: Assets/Prefabs/EnemyPrefabs/Missile.prefab
  artifactKey: Guid(a893e771144049f4283f875a23d27646) Importer(815301076,1909f56bfc062723c751e8b465ee728b)
Start importing Assets/Prefabs/EnemyPrefabs/Missile.prefab using Guid(a893e771144049f4283f875a23d27646) Importer(815301076,1909f56bfc062723c751e8b465ee728b)  -> (artifact id: 'eb17c0f1471c1525088b76020a9362a7') in 0.011658 seconds 
========================================================================
Received Import Request.
  Time since last request: 6.723724 seconds.
  path: Assets/Prefabs/EnemyPrefabs/EnemyFighter_0.prefab
  artifactKey: Guid(430f4815da850ea4394466f16b8e809d) Importer(815301076,1909f56bfc062723c751e8b465ee728b)
Start importing Assets/Prefabs/EnemyPrefabs/EnemyFighter_0.prefab using Guid(430f4815da850ea4394466f16b8e809d) Importer(815301076,1909f56bfc062723c751e8b465ee728b)  -> (artifact id: '39bf53820c8552f7e29df3116475730f') in 0.040381 seconds 
========================================================================
Received Import Request.
  Time since last request: 6.128707 seconds.
  path: Assets/Prefabs/EnemyPrefabs/EnemyDisk2.prefab
  artifactKey: Guid(a81b12c725d309f4fa21fa6761e4f56d) Importer(815301076,1909f56bfc062723c751e8b465ee728b)
Start importing Assets/Prefabs/EnemyPrefabs/EnemyDisk2.prefab using Guid(a81b12c725d309f4fa21fa6761e4f56d) Importer(815301076,1909f56bfc062723c751e8b465ee728b)  -> (artifact id: '4cedf078335d58c0d302e533be843e7b') in 0.021622 seconds 
========================================================================
Received Import Request.
  Time since last request: 0.000043 seconds.
  path: Assets/Prefabs/EnemyPrefabs/Mine.prefab
  artifactKey: Guid(a275e8f2bf6292b47aff955c6b71a0f9) Importer(815301076,1909f56bfc062723c751e8b465ee728b)
Start importing Assets/Prefabs/EnemyPrefabs/Mine.prefab using Guid(a275e8f2bf6292b47aff955c6b71a0f9) Importer(815301076,1909f56bfc062723c751e8b465ee728b)  -> (artifact id: '7596a3907918a242b448913eb4e10a4d') in 0.038926 seconds 
========================================================================
Received Import Request.
  Time since last request: 0.000036 seconds.
  path: Assets/Prefabs/EnemyPrefabs/EnemyTetrapod.prefab
  artifactKey: Guid(fb44853240bd1d748bfd3c3455b7add7) Importer(815301076,1909f56bfc062723c751e8b465ee728b)
Start importing Assets/Prefabs/EnemyPrefabs/EnemyTetrapod.prefab using Guid(fb44853240bd1d748bfd3c3455b7add7) Importer(815301076,1909f56bfc062723c751e8b465ee728b)  -> (artifact id: 'b118083b93cb55c98ea950eabd713caa') in 0.011412 seconds 
========================================================================
Received Import Request.
  Time since last request: 0.000022 seconds.
  path: Assets/Prefabs/EnemyPrefabs/EnemyQuick.prefab
  artifactKey: Guid(0f27a416dc88d684395ce2e62b476a29) Importer(815301076,1909f56bfc062723c751e8b465ee728b)
Start importing Assets/Prefabs/EnemyPrefabs/EnemyQuick.prefab using Guid(0f27a416dc88d684395ce2e62b476a29) Importer(815301076,1909f56bfc062723c751e8b465ee728b)  -> (artifact id: 'ba25a2c8ee89a44006e9e6e3768a6d19') in 0.018751 seconds 
========================================================================
Received Import Request.
  Time since last request: 0.000016 seconds.
  path: Assets/Prefabs/EnemyPrefabs/EnemyOctopus.prefab
  artifactKey: Guid(711dd7625197e31459ebd8cfcd8115d0) Importer(815301076,1909f56bfc062723c751e8b465ee728b)
Start importing Assets/Prefabs/EnemyPrefabs/EnemyOctopus.prefab using Guid(711dd7625197e31459ebd8cfcd8115d0) Importer(815301076,1909f56bfc062723c751e8b465ee728b)  -> (artifact id: 'ccda97807cc04a475e0b0298fd594f24') in 0.020966 seconds 
========================================================================
Received Import Request.
  Time since last request: 0.000021 seconds.
  path: Assets/Prefabs/EnemyPrefabs/EnemyMFalcon.prefab
  artifactKey: Guid(31f1b65eab9092845ad0def0ec7bb20a) Importer(815301076,1909f56bfc062723c751e8b465ee728b)
Start importing Assets/Prefabs/EnemyPrefabs/EnemyMFalcon.prefab using Guid(31f1b65eab9092845ad0def0ec7bb20a) Importer(815301076,1909f56bfc062723c751e8b465ee728b)  -> (artifact id: 'eede22a9054d3fd45c6bd9d4a3068980') in 0.017622 seconds 
========================================================================
Received Import Request.
  Time since last request: 0.000014 seconds.
  path: Assets/Prefabs/EnemyPrefabs/EnemySwallow.prefab
  artifactKey: Guid(9e6ca6dd9af4d9a43a928641f2eabe63) Importer(815301076,1909f56bfc062723c751e8b465ee728b)
Start importing Assets/Prefabs/EnemyPrefabs/EnemySwallow.prefab using Guid(9e6ca6dd9af4d9a43a928641f2eabe63) Importer(815301076,1909f56bfc062723c751e8b465ee728b)  -> (artifact id: 'dbf919704b7fc08cb4ebb4337a71365f') in 0.021447 seconds 
========================================================================
Received Import Request.
  Time since last request: 0.000016 seconds.
  path: Assets/Prefabs/EnemyPrefabs/Explosion.prefab
  artifactKey: Guid(13f2164d367c72d43986e729486c18a9) Importer(815301076,1909f56bfc062723c751e8b465ee728b)
Start importing Assets/Prefabs/EnemyPrefabs/Explosion.prefab using Guid(13f2164d367c72d43986e729486c18a9) Importer(815301076,1909f56bfc062723c751e8b465ee728b)  -> (artifact id: 'a0daad68d1d9a4079cc74c07734c393e') in 0.011864 seconds 
========================================================================
Received Import Request.
  Time since last request: 6.223312 seconds.
  path: Assets/Prefabs/EnemyPrefabs/Explosion.prefab
  artifactKey: Guid(13f2164d367c72d43986e729486c18a9) Importer(815301076,1909f56bfc062723c751e8b465ee728b)
Start importing Assets/Prefabs/EnemyPrefabs/Explosion.prefab using Guid(13f2164d367c72d43986e729486c18a9) Importer(815301076,1909f56bfc062723c751e8b465ee728b)  -> (artifact id: 'ef66a690c3eb3f583fb9802842bac48b') in 0.008577 seconds 
========================================================================
Received Import Request.
  Time since last request: 0.010216 seconds.
  path: Assets/Prefabs/EnemyPrefabs/EnemyDisk2.prefab
  artifactKey: Guid(a81b12c725d309f4fa21fa6761e4f56d) Importer(815301076,1909f56bfc062723c751e8b465ee728b)
Start importing Assets/Prefabs/EnemyPrefabs/EnemyDisk2.prefab using Guid(a81b12c725d309f4fa21fa6761e4f56d) Importer(815301076,1909f56bfc062723c751e8b465ee728b)  -> (artifact id: '25d4ece621cef0316e8f79091a5eec98') in 0.019957 seconds 
========================================================================
Received Import Request.
  Time since last request: 0.000031 seconds.
  path: Assets/Prefabs/EnemyPrefabs/Mine.prefab
  artifactKey: Guid(a275e8f2bf6292b47aff955c6b71a0f9) Importer(815301076,1909f56bfc062723c751e8b465ee728b)
Start importing Assets/Prefabs/EnemyPrefabs/Mine.prefab using Guid(a275e8f2bf6292b47aff955c6b71a0f9) Importer(815301076,1909f56bfc062723c751e8b465ee728b)  -> (artifact id: 'bff0735abbb8d40d1386c6b0b6eb28d8') in 0.025893 seconds 
========================================================================
Received Import Request.
  Time since last request: 0.000034 seconds.
  path: Assets/Prefabs/EnemyPrefabs/EnemyQuick.prefab
  artifactKey: Guid(0f27a416dc88d684395ce2e62b476a29) Importer(815301076,1909f56bfc062723c751e8b465ee728b)
Start importing Assets/Prefabs/EnemyPrefabs/EnemyQuick.prefab using Guid(0f27a416dc88d684395ce2e62b476a29) Importer(815301076,1909f56bfc062723c751e8b465ee728b)  -> (artifact id: 'b3657583c998c51951f153ed6eb15271') in 0.017799 seconds 
========================================================================
Received Import Request.
  Time since last request: 0.000014 seconds.
  path: Assets/Prefabs/EnemyPrefabs/Missile.prefab
  artifactKey: Guid(a893e771144049f4283f875a23d27646) Importer(815301076,1909f56bfc062723c751e8b465ee728b)
Start importing Assets/Prefabs/EnemyPrefabs/Missile.prefab using Guid(a893e771144049f4283f875a23d27646) Importer(815301076,1909f56bfc062723c751e8b465ee728b)  -> (artifact id: '0e4440c9fd9c5aa478b2b693f5ffc6b1') in 0.014719 seconds 
========================================================================
Received Import Request.
  Time since last request: 0.000018 seconds.
  path: Assets/Prefabs/EnemyPrefabs/EnemySwallow.prefab
  artifactKey: Guid(9e6ca6dd9af4d9a43a928641f2eabe63) Importer(815301076,1909f56bfc062723c751e8b465ee728b)
Start importing Assets/Prefabs/EnemyPrefabs/EnemySwallow.prefab using Guid(9e6ca6dd9af4d9a43a928641f2eabe63) Importer(815301076,1909f56bfc062723c751e8b465ee728b)  -> (artifact id: '61f195fb28375ec50f367522abdc9fb9') in 0.017391 seconds 
========================================================================
Received Import Request.
  Time since last request: 6.675702 seconds.
  path: Assets/Prefabs/EnemyPrefabs/EnemyFighter_0.prefab
  artifactKey: Guid(430f4815da850ea4394466f16b8e809d) Importer(815301076,1909f56bfc062723c751e8b465ee728b)
Start importing Assets/Prefabs/EnemyPrefabs/EnemyFighter_0.prefab using Guid(430f4815da850ea4394466f16b8e809d) Importer(815301076,1909f56bfc062723c751e8b465ee728b)  -> (artifact id: '98956becb08036a05fac0ea27d88b816') in 0.035780 seconds 
========================================================================
Received Import Request.
  Time since last request: 0.000025 seconds.
  path: Assets/Prefabs/EnemyPrefabs/Mine.prefab
  artifactKey: Guid(a275e8f2bf6292b47aff955c6b71a0f9) Importer(815301076,1909f56bfc062723c751e8b465ee728b)
Start importing Assets/Prefabs/EnemyPrefabs/Mine.prefab using Guid(a275e8f2bf6292b47aff955c6b71a0f9) Importer(815301076,1909f56bfc062723c751e8b465ee728b)  -> (artifact id: 'cf7177ac3caee70c3540a442cf834dca') in 0.024136 seconds 
========================================================================
Received Import Request.
  Time since last request: 3.140414 seconds.
  path: Assets/Prefabs/EnemyPrefabs/EnemyFighter_0.prefab
  artifactKey: Guid(430f4815da850ea4394466f16b8e809d) Importer(815301076,1909f56bfc062723c751e8b465ee728b)
Start importing Assets/Prefabs/EnemyPrefabs/EnemyFighter_0.prefab using Guid(430f4815da850ea4394466f16b8e809d) Importer(815301076,1909f56bfc062723c751e8b465ee728b)  -> (artifact id: 'e8a6fc1eb4ef4cca50f7414b04c18d03') in 0.041978 seconds 
========================================================================
Received Import Request.
  Time since last request: 1.187180 seconds.
  path: Assets/Prefabs/EnemyPrefabs/Enemy.prefab
  artifactKey: Guid(65386b6d1a308224eaeaa64495dbfde8) Importer(815301076,1909f56bfc062723c751e8b465ee728b)
Start importing Assets/Prefabs/EnemyPrefabs/Enemy.prefab using Guid(65386b6d1a308224eaeaa64495dbfde8) Importer(815301076,1909f56bfc062723c751e8b465ee728b)  -> (artifact id: 'aede2cb149b391a8f1f3bfac959880a1') in 0.020764 seconds 
========================================================================
Received Import Request.
  Time since last request: 0.000018 seconds.
  path: Assets/Prefabs/EnemyPrefabs/EnemyDestroyer.prefab
  artifactKey: Guid(81ff6148228c0d84690bac2be2148d8f) Importer(815301076,1909f56bfc062723c751e8b465ee728b)
Start importing Assets/Prefabs/EnemyPrefabs/EnemyDestroyer.prefab using Guid(81ff6148228c0d84690bac2be2148d8f) Importer(815301076,1909f56bfc062723c751e8b465ee728b)  -> (artifact id: 'aa8d50caa33a328e8cdaa3df331fb90b') in 0.029241 seconds 
========================================================================
Received Import Request.
  Time since last request: 18.107209 seconds.
  path: Assets/Prefabs/EnemyPrefabs/EnemyMegalodon.prefab
  artifactKey: Guid(e8864a9bee3d5d742a40470b50704752) Importer(815301076,1909f56bfc062723c751e8b465ee728b)
Start importing Assets/Prefabs/EnemyPrefabs/EnemyMegalodon.prefab using Guid(e8864a9bee3d5d742a40470b50704752) Importer(815301076,1909f56bfc062723c751e8b465ee728b)  -> (artifact id: '40e1e407e4bbc61dacc08507730a6ba1') in 0.029810 seconds 
========================================================================
Received Import Request.
  Time since last request: 3.377056 seconds.
  path: Assets/Prefabs/EnemyPrefabs/EnemyMegalodon.prefab
  artifactKey: Guid(e8864a9bee3d5d742a40470b50704752) Importer(815301076,1909f56bfc062723c751e8b465ee728b)
Start importing Assets/Prefabs/EnemyPrefabs/EnemyMegalodon.prefab using Guid(e8864a9bee3d5d742a40470b50704752) Importer(815301076,1909f56bfc062723c751e8b465ee728b)  -> (artifact id: 'ac83694c8e9f8d6a0f901321ace4f4d3') in 0.019907 seconds 
========================================================================
Received Import Request.
  Time since last request: 8.077990 seconds.
  path: Assets/Prefabs/PlayerPrefabs/Player.prefab
  artifactKey: Guid(4a54c1e9d709c7c409bb93f2a9bb2d5a) Importer(815301076,1909f56bfc062723c751e8b465ee728b)
Start importing Assets/Prefabs/PlayerPrefabs/Player.prefab using Guid(4a54c1e9d709c7c409bb93f2a9bb2d5a) Importer(815301076,1909f56bfc062723c751e8b465ee728b)  -> (artifact id: 'dd43eaaafcdc15e938ef5d6452e83c9f') in 0.017193 seconds 
========================================================================
Received Import Request.
  Time since last request: 13.685028 seconds.
  path: Assets/Prefabs/PlayerPrefabs/Player.prefab
  artifactKey: Guid(4a54c1e9d709c7c409bb93f2a9bb2d5a) Importer(815301076,1909f56bfc062723c751e8b465ee728b)
Start importing Assets/Prefabs/PlayerPrefabs/Player.prefab using Guid(4a54c1e9d709c7c409bb93f2a9bb2d5a) Importer(815301076,1909f56bfc062723c751e8b465ee728b)  -> (artifact id: '5e26ff6738b1b02af12dbd83a2066bc0') in 0.013665 seconds 
========================================================================
Received Import Request.
  Time since last request: 6.029193 seconds.
  path: Assets/Prefabs/PlayerPrefabs/Player.prefab
  artifactKey: Guid(4a54c1e9d709c7c409bb93f2a9bb2d5a) Importer(815301076,1909f56bfc062723c751e8b465ee728b)
Start importing Assets/Prefabs/PlayerPrefabs/Player.prefab using Guid(4a54c1e9d709c7c409bb93f2a9bb2d5a) Importer(815301076,1909f56bfc062723c751e8b465ee728b)  -> (artifact id: '17a916ffe7fdec4fe8fabe33970380af') in 0.013019 seconds 
========================================================================
Received Prepare
Registering precompiled user dll's ...
Registered in 0.002744 seconds.
Begin MonoManager ReloadAssembly
Native extension for WindowsStandalone target not found
Native extension for iOS target not found
Native extension for Android target not found
Native extension for WebGL target not found
Refreshing native plugins compatible for Editor in 0.46 ms, found 2 plugins.
Preloading 0 native plugins for Editor in 0.00 ms.
Mono: successfully reloaded assembly
- Completed reload, in  0.964 seconds
Domain Reload Profiling:
	ReloadAssembly (964ms)
		BeginReloadAssembly (118ms)
			ExecutionOrderSort (0ms)
			DisableScriptedObjects (5ms)
			BackupInstance (0ms)
			ReleaseScriptingObjects (0ms)
			CreateAndSetChildDomain (33ms)
		EndReloadAssembly (747ms)
			LoadAssemblies (77ms)
			RebuildTransferFunctionScriptingTraits (0ms)
			SetupTypeCache (213ms)
			ReleaseScriptCaches (1ms)
			RebuildScriptCaches (37ms)
			SetupLoadedEditorAssemblies (362ms)
				LogAssemblyErrors (0ms)
				InitializePlatformSupportModulesInManaged (35ms)
				SetLoadedEditorAssemblies (0ms)
				RefreshPlugins (1ms)
				BeforeProcessingInitializeOnLoad (40ms)
				ProcessInitializeOnLoadAttributes (250ms)
				ProcessInitializeOnLoadMethodAttributes (33ms)
				AfterProcessingInitializeOnLoad (3ms)
				EditorAssembliesLoaded (0ms)
			ExecutionOrderSort2 (0ms)
			AwakeInstancesAfterBackupRestoration (10ms)
Platform modules already initialized, skipping
Refreshing native plugins compatible for Editor in 1.42 ms, found 2 plugins.
Preloading 0 native plugins for Editor in 0.00 ms.
Unloading 2121 Unused Serialized files (Serialized files now loaded: 0)
Unloading 13 unused Assets / (24.6 KB). Loaded Objects now: 2621.
Memory consumption went from 98.1 MB to 98.1 MB.
Total: 3.496800 ms (FindLiveObjects: 0.322900 ms CreateObjectMapping: 0.081400 ms MarkObjects: 3.064900 ms  DeleteObjects: 0.026400 ms)

AssetImportParameters requested are different than current active one (requested -> active):
  custom:video-decoder-ogg-theora: a1e56fd34408186e4bbccfd4996cb3dc -> 
  custom:container-muxer-webm: aa71ff27fc2769a1b78a27578f13a17b -> 
  custom:container-demuxer-webm: 4f35f7cbe854078d1ac9338744f61a02 -> 
  custom:video-encoder-webm-vp8: eb34c28f22e8b96e1ab97ce403110664 -> 
  custom:audio-encoder-webm-vorbis: bf7c407c2cedff20999df2af8eb42d56 -> 
  custom:framework-win-MediaFoundation: 216162199b28c13a410421893ffa2e32 -> 
  custom:container-demuxer-ogg: 62fdf1f143b41e24485cea50d1cbac27 -> 
  custom:video-decoder-webm-vp8: 9c59270c3fd7afecdb556c50c9e8de78 -> 
  custom:audio-decoder-ogg-vorbis: bf7c407c2cedff20999df2af8eb42d56 -> 
========================================================================
Received Prepare
Registering precompiled user dll's ...
Registered in 0.002440 seconds.
Begin MonoManager ReloadAssembly
Native extension for WindowsStandalone target not found
Native extension for iOS target not found
Native extension for Android target not found
Native extension for WebGL target not found
Refreshing native plugins compatible for Editor in 0.50 ms, found 2 plugins.
Preloading 0 native plugins for Editor in 0.00 ms.
Mono: successfully reloaded assembly
- Completed reload, in  0.823 seconds
Domain Reload Profiling:
	ReloadAssembly (824ms)
		BeginReloadAssembly (111ms)
			ExecutionOrderSort (0ms)
			DisableScriptedObjects (5ms)
			BackupInstance (0ms)
			ReleaseScriptingObjects (0ms)
			CreateAndSetChildDomain (31ms)
		EndReloadAssembly (620ms)
			LoadAssemblies (66ms)
			RebuildTransferFunctionScriptingTraits (0ms)
			SetupTypeCache (171ms)
			ReleaseScriptCaches (1ms)
			RebuildScriptCaches (32ms)
			SetupLoadedEditorAssemblies (304ms)
				LogAssemblyErrors (0ms)
				InitializePlatformSupportModulesInManaged (28ms)
				SetLoadedEditorAssemblies (0ms)
				RefreshPlugins (1ms)
				BeforeProcessingInitializeOnLoad (40ms)
				ProcessInitializeOnLoadAttributes (211ms)
				ProcessInitializeOnLoadMethodAttributes (22ms)
				AfterProcessingInitializeOnLoad (2ms)
				EditorAssembliesLoaded (0ms)
			ExecutionOrderSort2 (0ms)
			AwakeInstancesAfterBackupRestoration (7ms)
Platform modules already initialized, skipping
Refreshing native plugins compatible for Editor in 1.57 ms, found 2 plugins.
Preloading 0 native plugins for Editor in 0.00 ms.
Unloading 2121 Unused Serialized files (Serialized files now loaded: 0)
Unloading 13 unused Assets / (24.7 KB). Loaded Objects now: 2624.
Memory consumption went from 98.1 MB to 98.1 MB.
Total: 2.777800 ms (FindLiveObjects: 0.193400 ms CreateObjectMapping: 0.050100 ms MarkObjects: 2.508800 ms  DeleteObjects: 0.024100 ms)

AssetImportParameters requested are different than current active one (requested -> active):
  custom:video-decoder-ogg-theora: a1e56fd34408186e4bbccfd4996cb3dc -> 
  custom:container-muxer-webm: aa71ff27fc2769a1b78a27578f13a17b -> 
  custom:container-demuxer-webm: 4f35f7cbe854078d1ac9338744f61a02 -> 
  custom:video-encoder-webm-vp8: eb34c28f22e8b96e1ab97ce403110664 -> 
  custom:audio-encoder-webm-vorbis: bf7c407c2cedff20999df2af8eb42d56 -> 
  custom:framework-win-MediaFoundation: 216162199b28c13a410421893ffa2e32 -> 
  custom:container-demuxer-ogg: 62fdf1f143b41e24485cea50d1cbac27 -> 
  custom:video-decoder-webm-vp8: 9c59270c3fd7afecdb556c50c9e8de78 -> 
  custom:audio-decoder-ogg-vorbis: bf7c407c2cedff20999df2af8eb42d56 -> 
========================================================================
Received Import Request.
  Time since last request: 44.442927 seconds.
  path: Assets/Prefabs/PlayerPrefabs/Player.prefab
  artifactKey: Guid(4a54c1e9d709c7c409bb93f2a9bb2d5a) Importer(815301076,1909f56bfc062723c751e8b465ee728b)
Start importing Assets/Prefabs/PlayerPrefabs/Player.prefab using Guid(4a54c1e9d709c7c409bb93f2a9bb2d5a) Importer(815301076,1909f56bfc062723c751e8b465ee728b)  -> (artifact id: 'f5aeb254237bbf11bc5d8ef6a0210146') in 0.059307 seconds 
========================================================================
Received Import Request.
  Time since last request: 87.014393 seconds.
  path: Assets/Sounds/SE/OtoLogic/beam.mp3
  artifactKey: Guid(e145ad96a63dfea41898c636d2d8343e) Importer(815301076,1909f56bfc062723c751e8b465ee728b)
Start importing Assets/Sounds/SE/OtoLogic/beam.mp3 using Guid(e145ad96a63dfea41898c636d2d8343e) Importer(815301076,1909f56bfc062723c751e8b465ee728b)  -> (artifact id: '26631dda87462ff9ee7309eb52283854') in 0.014993 seconds 
========================================================================
Received Import Request.
  Time since last request: 24.246689 seconds.
  path: Assets/Prefabs/PlayerPrefabs/Player.prefab
  artifactKey: Guid(4a54c1e9d709c7c409bb93f2a9bb2d5a) Importer(815301076,1909f56bfc062723c751e8b465ee728b)
Start importing Assets/Prefabs/PlayerPrefabs/Player.prefab using Guid(4a54c1e9d709c7c409bb93f2a9bb2d5a) Importer(815301076,1909f56bfc062723c751e8b465ee728b)  -> (artifact id: 'a404fd8ef2eceb470fbffba50fb10357') in 0.011297 seconds 
========================================================================
Received Prepare
Registering precompiled user dll's ...
Registered in 0.002417 seconds.
Begin MonoManager ReloadAssembly
Native extension for WindowsStandalone target not found
Native extension for iOS target not found
Native extension for Android target not found
Native extension for WebGL target not found
Refreshing native plugins compatible for Editor in 0.67 ms, found 2 plugins.
Preloading 0 native plugins for Editor in 0.00 ms.
Mono: successfully reloaded assembly
- Completed reload, in  0.834 seconds
Domain Reload Profiling:
	ReloadAssembly (835ms)
		BeginReloadAssembly (107ms)
			ExecutionOrderSort (0ms)
			DisableScriptedObjects (4ms)
			BackupInstance (0ms)
			ReleaseScriptingObjects (0ms)
			CreateAndSetChildDomain (32ms)
		EndReloadAssembly (646ms)
			LoadAssemblies (63ms)
			RebuildTransferFunctionScriptingTraits (0ms)
			SetupTypeCache (168ms)
			ReleaseScriptCaches (1ms)
			RebuildScriptCaches (46ms)
			SetupLoadedEditorAssemblies (311ms)
				LogAssemblyErrors (0ms)
				InitializePlatformSupportModulesInManaged (29ms)
				SetLoadedEditorAssemblies (1ms)
				RefreshPlugins (1ms)
				BeforeProcessingInitializeOnLoad (37ms)
				ProcessInitializeOnLoadAttributes (213ms)
				ProcessInitializeOnLoadMethodAttributes (28ms)
				AfterProcessingInitializeOnLoad (2ms)
				EditorAssembliesLoaded (0ms)
			ExecutionOrderSort2 (0ms)
			AwakeInstancesAfterBackupRestoration (7ms)
Platform modules already initialized, skipping
Refreshing native plugins compatible for Editor in 1.37 ms, found 2 plugins.
Preloading 0 native plugins for Editor in 0.00 ms.
Unloading 2121 Unused Serialized files (Serialized files now loaded: 0)
Unloading 13 unused Assets / (24.6 KB). Loaded Objects now: 2627.
Memory consumption went from 98.1 MB to 98.1 MB.
Total: 3.586100 ms (FindLiveObjects: 0.295400 ms CreateObjectMapping: 0.077700 ms MarkObjects: 3.173800 ms  DeleteObjects: 0.037900 ms)

AssetImportParameters requested are different than current active one (requested -> active):
  custom:video-decoder-ogg-theora: a1e56fd34408186e4bbccfd4996cb3dc -> 
  custom:container-muxer-webm: aa71ff27fc2769a1b78a27578f13a17b -> 
  custom:container-demuxer-webm: 4f35f7cbe854078d1ac9338744f61a02 -> 
  custom:video-encoder-webm-vp8: eb34c28f22e8b96e1ab97ce403110664 -> 
  custom:audio-encoder-webm-vorbis: bf7c407c2cedff20999df2af8eb42d56 -> 
  custom:framework-win-MediaFoundation: 216162199b28c13a410421893ffa2e32 -> 
  custom:container-demuxer-ogg: 62fdf1f143b41e24485cea50d1cbac27 -> 
  custom:video-decoder-webm-vp8: 9c59270c3fd7afecdb556c50c9e8de78 -> 
  custom:audio-decoder-ogg-vorbis: bf7c407c2cedff20999df2af8eb42d56 -> 
========================================================================
Received Import Request.
  Time since last request: 34.979005 seconds.
  path: Assets/Prefabs/PlayerPrefabs/Player.prefab
  artifactKey: Guid(4a54c1e9d709c7c409bb93f2a9bb2d5a) Importer(815301076,1909f56bfc062723c751e8b465ee728b)
Start importing Assets/Prefabs/PlayerPrefabs/Player.prefab using Guid(4a54c1e9d709c7c409bb93f2a9bb2d5a) Importer(815301076,1909f56bfc062723c751e8b465ee728b)  -> (artifact id: 'd0beaff9fb0ad20f99bb4c89b061f42b') in 0.056273 seconds 
========================================================================
Received Prepare
Registering precompiled user dll's ...
Registered in 0.002390 seconds.
Begin MonoManager ReloadAssembly
Native extension for WindowsStandalone target not found
Native extension for iOS target not found
Native extension for Android target not found
Native extension for WebGL target not found
Refreshing native plugins compatible for Editor in 0.56 ms, found 2 plugins.
Preloading 0 native plugins for Editor in 0.00 ms.
Mono: successfully reloaded assembly
- Completed reload, in  0.861 seconds
Domain Reload Profiling:
	ReloadAssembly (862ms)
		BeginReloadAssembly (108ms)
			ExecutionOrderSort (0ms)
			DisableScriptedObjects (5ms)
			BackupInstance (0ms)
			ReleaseScriptingObjects (0ms)
			CreateAndSetChildDomain (28ms)
		EndReloadAssembly (667ms)
			LoadAssemblies (70ms)
			RebuildTransferFunctionScriptingTraits (0ms)
			SetupTypeCache (174ms)
			ReleaseScriptCaches (1ms)
			RebuildScriptCaches (43ms)
			SetupLoadedEditorAssemblies (325ms)
				LogAssemblyErrors (0ms)
				InitializePlatformSupportModulesInManaged (31ms)
				SetLoadedEditorAssemblies (0ms)
				RefreshPlugins (1ms)
				BeforeProcessingInitializeOnLoad (37ms)
				ProcessInitializeOnLoadAttributes (218ms)
				ProcessInitializeOnLoadMethodAttributes (34ms)
				AfterProcessingInitializeOnLoad (3ms)
				EditorAssembliesLoaded (0ms)
			ExecutionOrderSort2 (0ms)
			AwakeInstancesAfterBackupRestoration (8ms)
Platform modules already initialized, skipping
Refreshing native plugins compatible for Editor in 1.55 ms, found 2 plugins.
Preloading 0 native plugins for Editor in 0.00 ms.
Unloading 2121 Unused Serialized files (Serialized files now loaded: 0)
Unloading 13 unused Assets / (24.7 KB). Loaded Objects now: 2630.
Memory consumption went from 98.2 MB to 98.1 MB.
Total: 3.146900 ms (FindLiveObjects: 0.208600 ms CreateObjectMapping: 0.055500 ms MarkObjects: 2.862800 ms  DeleteObjects: 0.019000 ms)

AssetImportParameters requested are different than current active one (requested -> active):
  custom:video-decoder-ogg-theora: a1e56fd34408186e4bbccfd4996cb3dc -> 
  custom:container-muxer-webm: aa71ff27fc2769a1b78a27578f13a17b -> 
  custom:container-demuxer-webm: 4f35f7cbe854078d1ac9338744f61a02 -> 
  custom:video-encoder-webm-vp8: eb34c28f22e8b96e1ab97ce403110664 -> 
  custom:audio-encoder-webm-vorbis: bf7c407c2cedff20999df2af8eb42d56 -> 
  custom:framework-win-MediaFoundation: 216162199b28c13a410421893ffa2e32 -> 
  custom:container-demuxer-ogg: 62fdf1f143b41e24485cea50d1cbac27 -> 
  custom:video-decoder-webm-vp8: 9c59270c3fd7afecdb556c50c9e8de78 -> 
  custom:audio-decoder-ogg-vorbis: bf7c407c2cedff20999df2af8eb42d56 -> 
========================================================================
Received Prepare
Registering precompiled user dll's ...
Registered in 0.002886 seconds.
Begin MonoManager ReloadAssembly
Native extension for WindowsStandalone target not found
Native extension for iOS target not found
Native extension for Android target not found
Native extension for WebGL target not found
Refreshing native plugins compatible for Editor in 0.46 ms, found 2 plugins.
Preloading 0 native plugins for Editor in 0.00 ms.
Mono: successfully reloaded assembly
- Completed reload, in  0.829 seconds
Domain Reload Profiling:
	ReloadAssembly (830ms)
		BeginReloadAssembly (103ms)
			ExecutionOrderSort (0ms)
			DisableScriptedObjects (6ms)
			BackupInstance (0ms)
			ReleaseScriptingObjects (0ms)
			CreateAndSetChildDomain (27ms)
		EndReloadAssembly (646ms)
			LoadAssemblies (63ms)
			RebuildTransferFunctionScriptingTraits (0ms)
			SetupTypeCache (175ms)
			ReleaseScriptCaches (1ms)
			RebuildScriptCaches (35ms)
			SetupLoadedEditorAssemblies (316ms)
				LogAssemblyErrors (0ms)
				InitializePlatformSupportModulesInManaged (32ms)
				SetLoadedEditorAssemblies (0ms)
				RefreshPlugins (1ms)
				BeforeProcessingInitializeOnLoad (43ms)
				ProcessInitializeOnLoadAttributes (213ms)
				ProcessInitializeOnLoadMethodAttributes (25ms)
				AfterProcessingInitializeOnLoad (3ms)
				EditorAssembliesLoaded (0ms)
			ExecutionOrderSort2 (0ms)
			AwakeInstancesAfterBackupRestoration (10ms)
Platform modules already initialized, skipping
Refreshing native plugins compatible for Editor in 1.33 ms, found 2 plugins.
Preloading 0 native plugins for Editor in 0.00 ms.
Unloading 2121 Unused Serialized files (Serialized files now loaded: 0)
Unloading 13 unused Assets / (24.7 KB). Loaded Objects now: 2633.
Memory consumption went from 98.1 MB to 98.0 MB.
Total: 3.824800 ms (FindLiveObjects: 0.193500 ms CreateObjectMapping: 0.051400 ms MarkObjects: 3.555400 ms  DeleteObjects: 0.023400 ms)

AssetImportParameters requested are different than current active one (requested -> active):
  custom:video-decoder-ogg-theora: a1e56fd34408186e4bbccfd4996cb3dc -> 
  custom:container-muxer-webm: aa71ff27fc2769a1b78a27578f13a17b -> 
  custom:container-demuxer-webm: 4f35f7cbe854078d1ac9338744f61a02 -> 
  custom:video-encoder-webm-vp8: eb34c28f22e8b96e1ab97ce403110664 -> 
  custom:audio-encoder-webm-vorbis: bf7c407c2cedff20999df2af8eb42d56 -> 
  custom:framework-win-MediaFoundation: 216162199b28c13a410421893ffa2e32 -> 
  custom:container-demuxer-ogg: 62fdf1f143b41e24485cea50d1cbac27 -> 
  custom:video-decoder-webm-vp8: 9c59270c3fd7afecdb556c50c9e8de78 -> 
  custom:audio-decoder-ogg-vorbis: bf7c407c2cedff20999df2af8eb42d56 -> 
========================================================================
Received Import Request.
  Time since last request: 1697.383660 seconds.
  path: Assets/Resources/Character/Mika
  artifactKey: Guid(0285c21e6c533aa4cbda73eb74875de1) Importer(815301076,1909f56bfc062723c751e8b465ee728b)
Start importing Assets/Resources/Character/Mika using Guid(0285c21e6c533aa4cbda73eb74875de1) Importer(815301076,1909f56bfc062723c751e8b465ee728b)  -> (artifact id: 'dcc3c94009f5e19cca3a8ade4e263eff') in 0.010563 seconds 
========================================================================
Received Import Request.
  Time since last request: 0.064390 seconds.
  path: Assets/Resources/Character/Mika/a.png
  artifactKey: Guid(198b24576560d594aae4eac45b260ad8) Importer(815301076,1909f56bfc062723c751e8b465ee728b)
Start importing Assets/Resources/Character/Mika/a.png using Guid(198b24576560d594aae4eac45b260ad8) Importer(815301076,1909f56bfc062723c751e8b465ee728b)  -> (artifact id: 'f9cb04979cfcf6486ba19c7ad2d105a4') in 0.154258 seconds 
========================================================================
Received Import Request.
  Time since last request: 0.000019 seconds.
  path: Assets/Resources/Character/Mika/d.png
  artifactKey: Guid(d90d761139fd53848bb98c2a2c043ea4) Importer(815301076,1909f56bfc062723c751e8b465ee728b)
Start importing Assets/Resources/Character/Mika/d.png using Guid(d90d761139fd53848bb98c2a2c043ea4) Importer(815301076,1909f56bfc062723c751e8b465ee728b)  -> (artifact id: '43b611bae1b8ebbee33cdcef022efdff') in 0.097694 seconds 
========================================================================
Received Import Request.
  Time since last request: 0.000025 seconds.
  path: Assets/Resources/Character/Mika/c.png
  artifactKey: Guid(4267313826429c5428297d2c53828a69) Importer(815301076,1909f56bfc062723c751e8b465ee728b)
Start importing Assets/Resources/Character/Mika/c.png using Guid(4267313826429c5428297d2c53828a69) Importer(815301076,1909f56bfc062723c751e8b465ee728b)  -> (artifact id: '7e2b8c4138996b385f76bba5284da73b') in 0.086007 seconds 
========================================================================
Received Import Request.
  Time since last request: 0.000019 seconds.
  path: Assets/Resources/Character/Mika/e.png
  artifactKey: Guid(e03534dba76a3e444a0e1e18807bb0be) Importer(815301076,1909f56bfc062723c751e8b465ee728b)
Start importing Assets/Resources/Character/Mika/e.png using Guid(e03534dba76a3e444a0e1e18807bb0be) Importer(815301076,1909f56bfc062723c751e8b465ee728b)  -> (artifact id: 'f7d97c30c6aa3d15b184b56b415f9a3f') in 0.096736 seconds 
Editor requested this worker to shutdown with reason: Scaling down because of idle timeout
AssetImportWorker is now disconnected from the server
Process exiting
Exiting without the bug reporter. Application will terminate with return code 0